CRITICAL - 2025-07-02 17:20:03 --> ErrorException: Undefined array key "id"
[Method: GET, Route: empresas]
in APPPATH\Controllers\Empresa.php on line 21.
 1 APPPATH\Controllers\Empresa.php(21): CodeIgniter\Debug\Exceptions->errorHandler(2, 'Undefined array key "id"', 'C:\\Users\\3Visao\\Documents\\certeira\\certeira\\api\\app\\Controllers\\Empresa.php', 21)
 2 SYSTEMPATH\CodeIgniter.php(933): App\Controllers\Empresa->index()
 3 SYSTEMPATH\CodeIgniter.php(507): CodeIgniter\CodeIgniter->runController(Object(App\Controllers\Empresa))
 4 SYSTEMPATH\CodeIgniter.php(354): CodeIgniter\CodeIgniter->handleRequest(null, Object(Config\Cache), false)
 5 SYSTEMPATH\Boot.php(334): CodeIgniter\CodeIgniter->run()
 6 SYSTEMPATH\Boot.php(67): CodeIgniter\Boot::runCodeIgniter(Object(CodeIgniter\CodeIgniter))
 7 FCPATH\index.php(59): CodeIgniter\Boot::bootWeb(Object(Config\Paths))
 8 SYSTEMPATH\rewrite.php(44): require_once('C:\\Users\\3Visao\\Documents\\certeira\\certeira\\api\\public\\index.php')
ERROR - 2025-07-02 19:51:30 --> mysqli_sql_exception: Unknown column 'codigoEmpresa' in 'where clause' in C:\Users\3Visao\Documents\certeira\certeira\api\system\Database\MySQLi\Connection.php:327
Stack trace:
#0 C:\Users\3Visao\Documents\certeira\certeira\api\system\Database\MySQLi\Connection.php(327): mysqli->query('SELECT *\nFROM `...', 0)
#1 C:\Users\3Visao\Documents\certeira\certeira\api\system\Database\BaseConnection.php(738): CodeIgniter\Database\MySQLi\Connection->execute('SELECT *\nFROM `...')
#2 C:\Users\3Visao\Documents\certeira\certeira\api\system\Database\BaseConnection.php(652): CodeIgniter\Database\BaseConnection->simpleQuery('SELECT *\nFROM `...')
#3 C:\Users\3Visao\Documents\certeira\certeira\api\system\Database\BaseBuilder.php(1649): CodeIgniter\Database\BaseConnection->query('SELECT *\nFROM `...', Array, false)
#4 C:\Users\3Visao\Documents\certeira\certeira\api\system\Model.php(330): CodeIgniter\Database\BaseBuilder->get()
#5 C:\Users\3Visao\Documents\certeira\certeira\api\system\BaseModel.php(717): CodeIgniter\Model->doFirst()
#6 C:\Users\3Visao\Documents\certeira\certeira\api\app\Controllers\Empresa.php(21): CodeIgniter\BaseModel->first()
#7 C:\Users\3Visao\Documents\certeira\certeira\api\system\CodeIgniter.php(933): App\Controllers\Empresa->index()
#8 C:\Users\3Visao\Documents\certeira\certeira\api\system\CodeIgniter.php(507): CodeIgniter\CodeIgniter->runController(Object(App\Controllers\Empresa))
#9 C:\Users\3Visao\Documents\certeira\certeira\api\system\CodeIgniter.php(354): CodeIgniter\CodeIgniter->handleRequest(NULL, Object(Config\Cache), false)
#10 C:\Users\3Visao\Documents\certeira\certeira\api\system\Boot.php(334): CodeIgniter\CodeIgniter->run()
#11 C:\Users\3Visao\Documents\certeira\certeira\api\system\Boot.php(67): CodeIgniter\Boot::runCodeIgniter(Object(CodeIgniter\CodeIgniter))
#12 C:\Users\3Visao\Documents\certeira\certeira\api\public\index.php(59): CodeIgniter\Boot::bootWeb(Object(Config\Paths))
#13 C:\Users\3Visao\Documents\certeira\certeira\api\system\rewrite.php(44): require_once('C:\\Users\\3Visao...')
#14 {main}
CRITICAL - 2025-07-02 19:51:30 --> CodeIgniter\Database\Exceptions\DatabaseException: Unknown column 'codigoEmpresa' in 'where clause'
[Method: GET, Route: empresas]
in SYSTEMPATH\Database\BaseConnection.php on line 692.
 1 SYSTEMPATH\Database\BaseBuilder.php(1649): CodeIgniter\Database\BaseConnection->query('SELECT *
FROM `Empresa`
WHERE `codigoEmpresa` = :codigoEmpresa:
 LIMIT 1', [...], false)
 2 SYSTEMPATH\Model.php(330): CodeIgniter\Database\BaseBuilder->get()
 3 SYSTEMPATH\BaseModel.php(717): CodeIgniter\Model->doFirst()
 4 APPPATH\Controllers\Empresa.php(21): CodeIgniter\BaseModel->first()
 5 SYSTEMPATH\CodeIgniter.php(933): App\Controllers\Empresa->index()
 6 SYSTEMPATH\CodeIgniter.php(507): CodeIgniter\CodeIgniter->runController(Object(App\Controllers\Empresa))
 7 SYSTEMPATH\CodeIgniter.php(354): CodeIgniter\CodeIgniter->handleRequest(null, Object(Config\Cache), false)
 8 SYSTEMPATH\Boot.php(334): CodeIgniter\CodeIgniter->run()
 9 SYSTEMPATH\Boot.php(67): CodeIgniter\Boot::runCodeIgniter(Object(CodeIgniter\CodeIgniter))
10 FCPATH\index.php(59): CodeIgniter\Boot::bootWeb(Object(Config\Paths))
11 SYSTEMPATH\rewrite.php(44): require_once('C:\\Users\\3Visao\\Documents\\certeira\\certeira\\api\\public\\index.php')
CRITICAL - 2025-07-02 19:51:30 --> [Caused by] CodeIgniter\Database\Exceptions\DatabaseException: Unknown column 'codigoEmpresa' in 'where clause'
in SYSTEMPATH\Database\MySQLi\Connection.php on line 332.
 1 SYSTEMPATH\Database\BaseConnection.php(738): CodeIgniter\Database\MySQLi\Connection->execute('SELECT *
FROM `Empresa`
WHERE `codigoEmpresa` = \'1\'
 LIMIT 1')
 2 SYSTEMPATH\Database\BaseConnection.php(652): CodeIgniter\Database\BaseConnection->simpleQuery('SELECT *
FROM `Empresa`
WHERE `codigoEmpresa` = \'1\'
 LIMIT 1')
 3 SYSTEMPATH\Database\BaseBuilder.php(1649): CodeIgniter\Database\BaseConnection->query('SELECT *
FROM `Empresa`
WHERE `codigoEmpresa` = :codigoEmpresa:
 LIMIT 1', [...], false)
 4 SYSTEMPATH\Model.php(330): CodeIgniter\Database\BaseBuilder->get()
 5 SYSTEMPATH\BaseModel.php(717): CodeIgniter\Model->doFirst()
 6 APPPATH\Controllers\Empresa.php(21): CodeIgniter\BaseModel->first()
 7 SYSTEMPATH\CodeIgniter.php(933): App\Controllers\Empresa->index()
 8 SYSTEMPATH\CodeIgniter.php(507): CodeIgniter\CodeIgniter->runController(Object(App\Controllers\Empresa))
 9 SYSTEMPATH\CodeIgniter.php(354): CodeIgniter\CodeIgniter->handleRequest(null, Object(Config\Cache), false)
10 SYSTEMPATH\Boot.php(334): CodeIgniter\CodeIgniter->run()
11 SYSTEMPATH\Boot.php(67): CodeIgniter\Boot::runCodeIgniter(Object(CodeIgniter\CodeIgniter))
12 FCPATH\index.php(59): CodeIgniter\Boot::bootWeb(Object(Config\Paths))
13 SYSTEMPATH\rewrite.php(44): require_once('C:\\Users\\3Visao\\Documents\\certeira\\certeira\\api\\public\\index.php')
CRITICAL - 2025-07-02 19:51:30 --> [Caused by] mysqli_sql_exception: Unknown column 'codigoEmpresa' in 'where clause'
in SYSTEMPATH\Database\MySQLi\Connection.php on line 327.
 1 SYSTEMPATH\Database\MySQLi\Connection.php(327): mysqli->query('SELECT *
FROM `Empresa`
WHERE `codigoEmpresa` = \'1\'
 LIMIT 1', 0)
 2 SYSTEMPATH\Database\BaseConnection.php(738): CodeIgniter\Database\MySQLi\Connection->execute('SELECT *
FROM `Empresa`
WHERE `codigoEmpresa` = \'1\'
 LIMIT 1')
 3 SYSTEMPATH\Database\BaseConnection.php(652): CodeIgniter\Database\BaseConnection->simpleQuery('SELECT *
FROM `Empresa`
WHERE `codigoEmpresa` = \'1\'
 LIMIT 1')
 4 SYSTEMPATH\Database\BaseBuilder.php(1649): CodeIgniter\Database\BaseConnection->query('SELECT *
FROM `Empresa`
WHERE `codigoEmpresa` = :codigoEmpresa:
 LIMIT 1', [...], false)
 5 SYSTEMPATH\Model.php(330): CodeIgniter\Database\BaseBuilder->get()
 6 SYSTEMPATH\BaseModel.php(717): CodeIgniter\Model->doFirst()
 7 APPPATH\Controllers\Empresa.php(21): CodeIgniter\BaseModel->first()
 8 SYSTEMPATH\CodeIgniter.php(933): App\Controllers\Empresa->index()
 9 SYSTEMPATH\CodeIgniter.php(507): CodeIgniter\CodeIgniter->runController(Object(App\Controllers\Empresa))
10 SYSTEMPATH\CodeIgniter.php(354): CodeIgniter\CodeIgniter->handleRequest(null, Object(Config\Cache), false)
11 SYSTEMPATH\Boot.php(334): CodeIgniter\CodeIgniter->run()
12 SYSTEMPATH\Boot.php(67): CodeIgniter\Boot::runCodeIgniter(Object(CodeIgniter\CodeIgniter))
13 FCPATH\index.php(59): CodeIgniter\Boot::bootWeb(Object(Config\Paths))
14 SYSTEMPATH\rewrite.php(44): require_once('C:\\Users\\3Visao\\Documents\\certeira\\certeira\\api\\public\\index.php')
ERROR - 2025-07-02 19:51:37 --> mysqli_sql_exception: Unknown column 'codigoEmpresa' in 'where clause' in C:\Users\3Visao\Documents\certeira\certeira\api\system\Database\MySQLi\Connection.php:327
Stack trace:
#0 C:\Users\3Visao\Documents\certeira\certeira\api\system\Database\MySQLi\Connection.php(327): mysqli->query('SELECT *\nFROM `...', 0)
#1 C:\Users\3Visao\Documents\certeira\certeira\api\system\Database\BaseConnection.php(738): CodeIgniter\Database\MySQLi\Connection->execute('SELECT *\nFROM `...')
#2 C:\Users\3Visao\Documents\certeira\certeira\api\system\Database\BaseConnection.php(652): CodeIgniter\Database\BaseConnection->simpleQuery('SELECT *\nFROM `...')
#3 C:\Users\3Visao\Documents\certeira\certeira\api\system\Database\BaseBuilder.php(1649): CodeIgniter\Database\BaseConnection->query('SELECT *\nFROM `...', Array, false)
#4 C:\Users\3Visao\Documents\certeira\certeira\api\system\Model.php(330): CodeIgniter\Database\BaseBuilder->get()
#5 C:\Users\3Visao\Documents\certeira\certeira\api\system\BaseModel.php(717): CodeIgniter\Model->doFirst()
#6 C:\Users\3Visao\Documents\certeira\certeira\api\app\Controllers\Empresa.php(21): CodeIgniter\BaseModel->first()
#7 C:\Users\3Visao\Documents\certeira\certeira\api\system\CodeIgniter.php(933): App\Controllers\Empresa->index()
#8 C:\Users\3Visao\Documents\certeira\certeira\api\system\CodeIgniter.php(507): CodeIgniter\CodeIgniter->runController(Object(App\Controllers\Empresa))
#9 C:\Users\3Visao\Documents\certeira\certeira\api\system\CodeIgniter.php(354): CodeIgniter\CodeIgniter->handleRequest(NULL, Object(Config\Cache), false)
#10 C:\Users\3Visao\Documents\certeira\certeira\api\system\Boot.php(334): CodeIgniter\CodeIgniter->run()
#11 C:\Users\3Visao\Documents\certeira\certeira\api\system\Boot.php(67): CodeIgniter\Boot::runCodeIgniter(Object(CodeIgniter\CodeIgniter))
#12 C:\Users\3Visao\Documents\certeira\certeira\api\public\index.php(59): CodeIgniter\Boot::bootWeb(Object(Config\Paths))
#13 C:\Users\3Visao\Documents\certeira\certeira\api\system\rewrite.php(44): require_once('C:\\Users\\3Visao...')
#14 {main}
CRITICAL - 2025-07-02 19:51:37 --> CodeIgniter\Database\Exceptions\DatabaseException: Unknown column 'codigoEmpresa' in 'where clause'
[Method: GET, Route: empresas]
in SYSTEMPATH\Database\BaseConnection.php on line 692.
 1 SYSTEMPATH\Database\BaseBuilder.php(1649): CodeIgniter\Database\BaseConnection->query('SELECT *
FROM `Empresa`
WHERE `codigoEmpresa` = :codigoEmpresa:
 LIMIT 1', [...], false)
 2 SYSTEMPATH\Model.php(330): CodeIgniter\Database\BaseBuilder->get()
 3 SYSTEMPATH\BaseModel.php(717): CodeIgniter\Model->doFirst()
 4 APPPATH\Controllers\Empresa.php(21): CodeIgniter\BaseModel->first()
 5 SYSTEMPATH\CodeIgniter.php(933): App\Controllers\Empresa->index()
 6 SYSTEMPATH\CodeIgniter.php(507): CodeIgniter\CodeIgniter->runController(Object(App\Controllers\Empresa))
 7 SYSTEMPATH\CodeIgniter.php(354): CodeIgniter\CodeIgniter->handleRequest(null, Object(Config\Cache), false)
 8 SYSTEMPATH\Boot.php(334): CodeIgniter\CodeIgniter->run()
 9 SYSTEMPATH\Boot.php(67): CodeIgniter\Boot::runCodeIgniter(Object(CodeIgniter\CodeIgniter))
10 FCPATH\index.php(59): CodeIgniter\Boot::bootWeb(Object(Config\Paths))
11 SYSTEMPATH\rewrite.php(44): require_once('C:\\Users\\3Visao\\Documents\\certeira\\certeira\\api\\public\\index.php')
CRITICAL - 2025-07-02 19:51:37 --> [Caused by] CodeIgniter\Database\Exceptions\DatabaseException: Unknown column 'codigoEmpresa' in 'where clause'
in SYSTEMPATH\Database\MySQLi\Connection.php on line 332.
 1 SYSTEMPATH\Database\BaseConnection.php(738): CodeIgniter\Database\MySQLi\Connection->execute('SELECT *
FROM `Empresa`
WHERE `codigoEmpresa` = \'1\'
 LIMIT 1')
 2 SYSTEMPATH\Database\BaseConnection.php(652): CodeIgniter\Database\BaseConnection->simpleQuery('SELECT *
FROM `Empresa`
WHERE `codigoEmpresa` = \'1\'
 LIMIT 1')
 3 SYSTEMPATH\Database\BaseBuilder.php(1649): CodeIgniter\Database\BaseConnection->query('SELECT *
FROM `Empresa`
WHERE `codigoEmpresa` = :codigoEmpresa:
 LIMIT 1', [...], false)
 4 SYSTEMPATH\Model.php(330): CodeIgniter\Database\BaseBuilder->get()
 5 SYSTEMPATH\BaseModel.php(717): CodeIgniter\Model->doFirst()
 6 APPPATH\Controllers\Empresa.php(21): CodeIgniter\BaseModel->first()
 7 SYSTEMPATH\CodeIgniter.php(933): App\Controllers\Empresa->index()
 8 SYSTEMPATH\CodeIgniter.php(507): CodeIgniter\CodeIgniter->runController(Object(App\Controllers\Empresa))
 9 SYSTEMPATH\CodeIgniter.php(354): CodeIgniter\CodeIgniter->handleRequest(null, Object(Config\Cache), false)
10 SYSTEMPATH\Boot.php(334): CodeIgniter\CodeIgniter->run()
11 SYSTEMPATH\Boot.php(67): CodeIgniter\Boot::runCodeIgniter(Object(CodeIgniter\CodeIgniter))
12 FCPATH\index.php(59): CodeIgniter\Boot::bootWeb(Object(Config\Paths))
13 SYSTEMPATH\rewrite.php(44): require_once('C:\\Users\\3Visao\\Documents\\certeira\\certeira\\api\\public\\index.php')
CRITICAL - 2025-07-02 19:51:37 --> [Caused by] mysqli_sql_exception: Unknown column 'codigoEmpresa' in 'where clause'
in SYSTEMPATH\Database\MySQLi\Connection.php on line 327.
 1 SYSTEMPATH\Database\MySQLi\Connection.php(327): mysqli->query('SELECT *
FROM `Empresa`
WHERE `codigoEmpresa` = \'1\'
 LIMIT 1', 0)
 2 SYSTEMPATH\Database\BaseConnection.php(738): CodeIgniter\Database\MySQLi\Connection->execute('SELECT *
FROM `Empresa`
WHERE `codigoEmpresa` = \'1\'
 LIMIT 1')
 3 SYSTEMPATH\Database\BaseConnection.php(652): CodeIgniter\Database\BaseConnection->simpleQuery('SELECT *
FROM `Empresa`
WHERE `codigoEmpresa` = \'1\'
 LIMIT 1')
 4 SYSTEMPATH\Database\BaseBuilder.php(1649): CodeIgniter\Database\BaseConnection->query('SELECT *
FROM `Empresa`
WHERE `codigoEmpresa` = :codigoEmpresa:
 LIMIT 1', [...], false)
 5 SYSTEMPATH\Model.php(330): CodeIgniter\Database\BaseBuilder->get()
 6 SYSTEMPATH\BaseModel.php(717): CodeIgniter\Model->doFirst()
 7 APPPATH\Controllers\Empresa.php(21): CodeIgniter\BaseModel->first()
 8 SYSTEMPATH\CodeIgniter.php(933): App\Controllers\Empresa->index()
 9 SYSTEMPATH\CodeIgniter.php(507): CodeIgniter\CodeIgniter->runController(Object(App\Controllers\Empresa))
10 SYSTEMPATH\CodeIgniter.php(354): CodeIgniter\CodeIgniter->handleRequest(null, Object(Config\Cache), false)
11 SYSTEMPATH\Boot.php(334): CodeIgniter\CodeIgniter->run()
12 SYSTEMPATH\Boot.php(67): CodeIgniter\Boot::runCodeIgniter(Object(CodeIgniter\CodeIgniter))
13 FCPATH\index.php(59): CodeIgniter\Boot::bootWeb(Object(Config\Paths))
14 SYSTEMPATH\rewrite.php(44): require_once('C:\\Users\\3Visao\\Documents\\certeira\\certeira\\api\\public\\index.php')
CRITICAL - 2025-07-02 21:33:01 --> ErrorException: Undefined array key "dataDesativado"
[Method: GET, Route: empresas]
in APPPATH\Controllers\Empresa.php on line 63.
 1 APPPATH\Controllers\Empresa.php(63): CodeIgniter\Debug\Exceptions->errorHandler(2, 'Undefined array key "dataDesativado"', 'C:\\Users\\Daniel\\Documents\\Daniel\\certeira\\api\\app\\Controllers\\Empresa.php', 63)
 2 SYSTEMPATH\CodeIgniter.php(933): App\Controllers\Empresa->index()
 3 SYSTEMPATH\CodeIgniter.php(507): CodeIgniter\CodeIgniter->runController(Object(App\Controllers\Empresa))
 4 SYSTEMPATH\CodeIgniter.php(354): CodeIgniter\CodeIgniter->handleRequest(null, Object(Config\Cache), false)
 5 SYSTEMPATH\Boot.php(334): CodeIgniter\CodeIgniter->run()
 6 SYSTEMPATH\Boot.php(67): CodeIgniter\Boot::runCodeIgniter(Object(CodeIgniter\CodeIgniter))
 7 FCPATH\index.php(59): CodeIgniter\Boot::bootWeb(Object(Config\Paths))
 8 SYSTEMPATH\rewrite.php(44): require_once('C:\\Users\\Daniel\\Documents\\Daniel\\certeira\\api\\public\\index.php')
