ERROR - 2025-07-04 01:14:07 --> Error connecting to the database: mysqli_sql_exception: Nenhuma conexão pôde ser feita porque a máquina de destino as recusou ativamente in C:\Users\Daniel\Documents\DanielSalles\certeira\api\system\Database\MySQLi\Connection.php:201
Stack trace:
#0 C:\Users\Daniel\Documents\DanielSalles\certeira\api\system\Database\MySQLi\Connection.php(201): mysqli->real_connect('localhost', 'root', Object(SensitiveParameterValue), 'certeira', 3306, '', 0)
#1 C:\Users\Daniel\Documents\DanielSalles\certeira\api\system\Database\BaseConnection.php(421): CodeIgniter\Database\MySQLi\Connection->connect(false)
#2 C:\Users\Daniel\Documents\DanielSalles\certeira\api\system\Database\BaseConnection.php(620): CodeIgniter\Database\BaseConnection->initialize()
#3 C:\Users\Daniel\Documents\DanielSalles\certeira\api\system\Database\BaseBuilder.php(1649): CodeIgniter\Database\BaseConnection->query('SELECT *\nFROM `...', Array, false)
#4 C:\Users\Daniel\Documents\DanielSalles\certeira\api\system\Model.php(330): CodeIgniter\Database\BaseBuilder->get()
#5 C:\Users\Daniel\Documents\DanielSalles\certeira\api\system\BaseModel.php(717): CodeIgniter\Model->doFirst()
#6 C:\Users\Daniel\Documents\DanielSalles\certeira\api\app\Controllers\Empregado.php(34): CodeIgniter\BaseModel->first()
#7 C:\Users\Daniel\Documents\DanielSalles\certeira\api\system\CodeIgniter.php(933): App\Controllers\Empregado->login()
#8 C:\Users\Daniel\Documents\DanielSalles\certeira\api\system\CodeIgniter.php(507): CodeIgniter\CodeIgniter->runController(Object(App\Controllers\Empregado))
#9 C:\Users\Daniel\Documents\DanielSalles\certeira\api\system\CodeIgniter.php(354): CodeIgniter\CodeIgniter->handleRequest(NULL, Object(Config\Cache), false)
#10 C:\Users\Daniel\Documents\DanielSalles\certeira\api\system\Boot.php(334): CodeIgniter\CodeIgniter->run()
#11 C:\Users\Daniel\Documents\DanielSalles\certeira\api\system\Boot.php(67): CodeIgniter\Boot::runCodeIgniter(Object(CodeIgniter\CodeIgniter))
#12 C:\Users\Daniel\Documents\DanielSalles\certeira\api\public\index.php(59): CodeIgniter\Boot::bootWeb(Object(Config\Paths))
#13 C:\Users\Daniel\Documents\DanielSalles\certeira\api\system\rewrite.php(44): require_once('C:\\Users\\Daniel...')
#14 {main}

Next CodeIgniter\Database\Exceptions\DatabaseException: Nenhuma conexão pôde ser feita porque a máquina de destino as recusou ativamente in C:\Users\Daniel\Documents\DanielSalles\certeira\api\system\Database\MySQLi\Connection.php:246
Stack trace:
#0 C:\Users\Daniel\Documents\DanielSalles\certeira\api\system\Database\BaseConnection.php(421): CodeIgniter\Database\MySQLi\Connection->connect(false)
#1 C:\Users\Daniel\Documents\DanielSalles\certeira\api\system\Database\BaseConnection.php(620): CodeIgniter\Database\BaseConnection->initialize()
#2 C:\Users\Daniel\Documents\DanielSalles\certeira\api\system\Database\BaseBuilder.php(1649): CodeIgniter\Database\BaseConnection->query('SELECT *\nFROM `...', Array, false)
#3 C:\Users\Daniel\Documents\DanielSalles\certeira\api\system\Model.php(330): CodeIgniter\Database\BaseBuilder->get()
#4 C:\Users\Daniel\Documents\DanielSalles\certeira\api\system\BaseModel.php(717): CodeIgniter\Model->doFirst()
#5 C:\Users\Daniel\Documents\DanielSalles\certeira\api\app\Controllers\Empregado.php(34): CodeIgniter\BaseModel->first()
#6 C:\Users\Daniel\Documents\DanielSalles\certeira\api\system\CodeIgniter.php(933): App\Controllers\Empregado->login()
#7 C:\Users\Daniel\Documents\DanielSalles\certeira\api\system\CodeIgniter.php(507): CodeIgniter\CodeIgniter->runController(Object(App\Controllers\Empregado))
#8 C:\Users\Daniel\Documents\DanielSalles\certeira\api\system\CodeIgniter.php(354): CodeIgniter\CodeIgniter->handleRequest(NULL, Object(Config\Cache), false)
#9 C:\Users\Daniel\Documents\DanielSalles\certeira\api\system\Boot.php(334): CodeIgniter\CodeIgniter->run()
#10 C:\Users\Daniel\Documents\DanielSalles\certeira\api\system\Boot.php(67): CodeIgniter\Boot::runCodeIgniter(Object(CodeIgniter\CodeIgniter))
#11 C:\Users\Daniel\Documents\DanielSalles\certeira\api\public\index.php(59): CodeIgniter\Boot::bootWeb(Object(Config\Paths))
#12 C:\Users\Daniel\Documents\DanielSalles\certeira\api\system\rewrite.php(44): require_once('C:\\Users\\Daniel...')
#13 {main}
CRITICAL - 2025-07-04 01:14:07 --> CodeIgniter\Database\Exceptions\DatabaseException: Unable to connect to the database.
Main connection [MySQLi]: Nenhuma conexão pôde ser feita porque a máquina de destino as recusou ativamente
[Method: POST, Route: empregadoLogin]
in SYSTEMPATH\Database\BaseConnection.php on line 467.
 1 SYSTEMPATH\Database\BaseConnection.php(620): CodeIgniter\Database\BaseConnection->initialize()
 2 SYSTEMPATH\Database\BaseBuilder.php(1649): CodeIgniter\Database\BaseConnection->query('SELECT *
FROM `Empregado`
WHERE `email` = :email:
 LIMIT 1', [...], false)
 3 SYSTEMPATH\Model.php(330): CodeIgniter\Database\BaseBuilder->get()
 4 SYSTEMPATH\BaseModel.php(717): CodeIgniter\Model->doFirst()
 5 APPPATH\Controllers\Empregado.php(34): CodeIgniter\BaseModel->first()
 6 SYSTEMPATH\CodeIgniter.php(933): App\Controllers\Empregado->login()
 7 SYSTEMPATH\CodeIgniter.php(507): CodeIgniter\CodeIgniter->runController(Object(App\Controllers\Empregado))
 8 SYSTEMPATH\CodeIgniter.php(354): CodeIgniter\CodeIgniter->handleRequest(null, Object(Config\Cache), false)
 9 SYSTEMPATH\Boot.php(334): CodeIgniter\CodeIgniter->run()
10 SYSTEMPATH\Boot.php(67): CodeIgniter\Boot::runCodeIgniter(Object(CodeIgniter\CodeIgniter))
11 FCPATH\index.php(59): CodeIgniter\Boot::bootWeb(Object(Config\Paths))
12 SYSTEMPATH\rewrite.php(44): require_once('C:\\Users\\Daniel\\Documents\\DanielSalles\\certeira\\api\\public\\index.php')
ERROR - 2025-07-04 01:14:25 --> Error connecting to the database: mysqli_sql_exception: Nenhuma conexão pôde ser feita porque a máquina de destino as recusou ativamente in C:\Users\Daniel\Documents\DanielSalles\certeira\api\system\Database\MySQLi\Connection.php:201
Stack trace:
#0 C:\Users\Daniel\Documents\DanielSalles\certeira\api\system\Database\MySQLi\Connection.php(201): mysqli->real_connect('localhost', 'root', Object(SensitiveParameterValue), 'certeira', 3306, '', 0)
#1 C:\Users\Daniel\Documents\DanielSalles\certeira\api\system\Database\BaseConnection.php(421): CodeIgniter\Database\MySQLi\Connection->connect(false)
#2 C:\Users\Daniel\Documents\DanielSalles\certeira\api\system\Database\BaseConnection.php(620): CodeIgniter\Database\BaseConnection->initialize()
#3 C:\Users\Daniel\Documents\DanielSalles\certeira\api\system\Database\BaseBuilder.php(1649): CodeIgniter\Database\BaseConnection->query('SELECT *\nFROM `...', Array, false)
#4 C:\Users\Daniel\Documents\DanielSalles\certeira\api\system\Model.php(330): CodeIgniter\Database\BaseBuilder->get()
#5 C:\Users\Daniel\Documents\DanielSalles\certeira\api\system\BaseModel.php(717): CodeIgniter\Model->doFirst()
#6 C:\Users\Daniel\Documents\DanielSalles\certeira\api\app\Controllers\Empregado.php(34): CodeIgniter\BaseModel->first()
#7 C:\Users\Daniel\Documents\DanielSalles\certeira\api\system\CodeIgniter.php(933): App\Controllers\Empregado->login()
#8 C:\Users\Daniel\Documents\DanielSalles\certeira\api\system\CodeIgniter.php(507): CodeIgniter\CodeIgniter->runController(Object(App\Controllers\Empregado))
#9 C:\Users\Daniel\Documents\DanielSalles\certeira\api\system\CodeIgniter.php(354): CodeIgniter\CodeIgniter->handleRequest(NULL, Object(Config\Cache), false)
#10 C:\Users\Daniel\Documents\DanielSalles\certeira\api\system\Boot.php(334): CodeIgniter\CodeIgniter->run()
#11 C:\Users\Daniel\Documents\DanielSalles\certeira\api\system\Boot.php(67): CodeIgniter\Boot::runCodeIgniter(Object(CodeIgniter\CodeIgniter))
#12 C:\Users\Daniel\Documents\DanielSalles\certeira\api\public\index.php(59): CodeIgniter\Boot::bootWeb(Object(Config\Paths))
#13 C:\Users\Daniel\Documents\DanielSalles\certeira\api\system\rewrite.php(44): require_once('C:\\Users\\Daniel...')
#14 {main}

Next CodeIgniter\Database\Exceptions\DatabaseException: Nenhuma conexão pôde ser feita porque a máquina de destino as recusou ativamente in C:\Users\Daniel\Documents\DanielSalles\certeira\api\system\Database\MySQLi\Connection.php:246
Stack trace:
#0 C:\Users\Daniel\Documents\DanielSalles\certeira\api\system\Database\BaseConnection.php(421): CodeIgniter\Database\MySQLi\Connection->connect(false)
#1 C:\Users\Daniel\Documents\DanielSalles\certeira\api\system\Database\BaseConnection.php(620): CodeIgniter\Database\BaseConnection->initialize()
#2 C:\Users\Daniel\Documents\DanielSalles\certeira\api\system\Database\BaseBuilder.php(1649): CodeIgniter\Database\BaseConnection->query('SELECT *\nFROM `...', Array, false)
#3 C:\Users\Daniel\Documents\DanielSalles\certeira\api\system\Model.php(330): CodeIgniter\Database\BaseBuilder->get()
#4 C:\Users\Daniel\Documents\DanielSalles\certeira\api\system\BaseModel.php(717): CodeIgniter\Model->doFirst()
#5 C:\Users\Daniel\Documents\DanielSalles\certeira\api\app\Controllers\Empregado.php(34): CodeIgniter\BaseModel->first()
#6 C:\Users\Daniel\Documents\DanielSalles\certeira\api\system\CodeIgniter.php(933): App\Controllers\Empregado->login()
#7 C:\Users\Daniel\Documents\DanielSalles\certeira\api\system\CodeIgniter.php(507): CodeIgniter\CodeIgniter->runController(Object(App\Controllers\Empregado))
#8 C:\Users\Daniel\Documents\DanielSalles\certeira\api\system\CodeIgniter.php(354): CodeIgniter\CodeIgniter->handleRequest(NULL, Object(Config\Cache), false)
#9 C:\Users\Daniel\Documents\DanielSalles\certeira\api\system\Boot.php(334): CodeIgniter\CodeIgniter->run()
#10 C:\Users\Daniel\Documents\DanielSalles\certeira\api\system\Boot.php(67): CodeIgniter\Boot::runCodeIgniter(Object(CodeIgniter\CodeIgniter))
#11 C:\Users\Daniel\Documents\DanielSalles\certeira\api\public\index.php(59): CodeIgniter\Boot::bootWeb(Object(Config\Paths))
#12 C:\Users\Daniel\Documents\DanielSalles\certeira\api\system\rewrite.php(44): require_once('C:\\Users\\Daniel...')
#13 {main}
CRITICAL - 2025-07-04 01:14:25 --> CodeIgniter\Database\Exceptions\DatabaseException: Unable to connect to the database.
Main connection [MySQLi]: Nenhuma conexão pôde ser feita porque a máquina de destino as recusou ativamente
[Method: POST, Route: empregadoLogin]
in SYSTEMPATH\Database\BaseConnection.php on line 467.
 1 SYSTEMPATH\Database\BaseConnection.php(620): CodeIgniter\Database\BaseConnection->initialize()
 2 SYSTEMPATH\Database\BaseBuilder.php(1649): CodeIgniter\Database\BaseConnection->query('SELECT *
FROM `Empregado`
WHERE `email` = :email:
 LIMIT 1', [...], false)
 3 SYSTEMPATH\Model.php(330): CodeIgniter\Database\BaseBuilder->get()
 4 SYSTEMPATH\BaseModel.php(717): CodeIgniter\Model->doFirst()
 5 APPPATH\Controllers\Empregado.php(34): CodeIgniter\BaseModel->first()
 6 SYSTEMPATH\CodeIgniter.php(933): App\Controllers\Empregado->login()
 7 SYSTEMPATH\CodeIgniter.php(507): CodeIgniter\CodeIgniter->runController(Object(App\Controllers\Empregado))
 8 SYSTEMPATH\CodeIgniter.php(354): CodeIgniter\CodeIgniter->handleRequest(null, Object(Config\Cache), false)
 9 SYSTEMPATH\Boot.php(334): CodeIgniter\CodeIgniter->run()
10 SYSTEMPATH\Boot.php(67): CodeIgniter\Boot::runCodeIgniter(Object(CodeIgniter\CodeIgniter))
11 FCPATH\index.php(59): CodeIgniter\Boot::bootWeb(Object(Config\Paths))
12 SYSTEMPATH\rewrite.php(44): require_once('C:\\Users\\Daniel\\Documents\\DanielSalles\\certeira\\api\\public\\index.php')
CRITICAL - 2025-07-04 15:40:02 --> ErrorException: Undefined array key "rua"
[Method: POST, Route: empresa]
in APPPATH\Controllers\Empresa.php on line 116.
 1 APPPATH\Controllers\Empresa.php(116): CodeIgniter\Debug\Exceptions->errorHandler(2, 'Undefined array key "rua"', 'C:\\Users\\3Visao\\Documents\\certeira\\certeira\\api\\app\\Controllers\\Empresa.php', 116)
 2 SYSTEMPATH\CodeIgniter.php(933): App\Controllers\Empresa->post()
 3 SYSTEMPATH\CodeIgniter.php(507): CodeIgniter\CodeIgniter->runController(Object(App\Controllers\Empresa))
 4 SYSTEMPATH\CodeIgniter.php(354): CodeIgniter\CodeIgniter->handleRequest(null, Object(Config\Cache), false)
 5 SYSTEMPATH\Boot.php(334): CodeIgniter\CodeIgniter->run()
 6 SYSTEMPATH\Boot.php(67): CodeIgniter\Boot::runCodeIgniter(Object(CodeIgniter\CodeIgniter))
 7 FCPATH\index.php(59): CodeIgniter\Boot::bootWeb(Object(Config\Paths))
 8 SYSTEMPATH\rewrite.php(44): require_once('C:\\Users\\3Visao\\Documents\\certeira\\certeira\\api\\public\\index.php')
ERROR - 2025-07-04 15:59:36 --> mysqli_sql_exception: Cannot add or update a child row: a foreign key constraint fails (`certeira`.`cidade`, CONSTRAINT `cidade_ibfk_1` FOREIGN KEY (`codigoEstado`) REFERENCES `estado` (`codigo`)) in C:\Users\3Visao\Documents\certeira\certeira\api\system\Database\MySQLi\Connection.php:327
Stack trace:
#0 C:\Users\3Visao\Documents\certeira\certeira\api\system\Database\MySQLi\Connection.php(327): mysqli->query('INSERT INTO `Ci...', 0)
#1 C:\Users\3Visao\Documents\certeira\certeira\api\system\Database\BaseConnection.php(738): CodeIgniter\Database\MySQLi\Connection->execute('INSERT INTO `Ci...')
#2 C:\Users\3Visao\Documents\certeira\certeira\api\system\Database\BaseConnection.php(652): CodeIgniter\Database\BaseConnection->simpleQuery('INSERT INTO `Ci...')
#3 C:\Users\3Visao\Documents\certeira\certeira\api\system\Database\BaseBuilder.php(2345): CodeIgniter\Database\BaseConnection->query('INSERT INTO `Ci...', Array, false)
#4 C:\Users\3Visao\Documents\certeira\certeira\api\system\Model.php(394): CodeIgniter\Database\BaseBuilder->insert()
#5 C:\Users\3Visao\Documents\certeira\certeira\api\system\BaseModel.php(843): CodeIgniter\Model->doInsert(Array)
#6 C:\Users\3Visao\Documents\certeira\certeira\api\system\Model.php(800): CodeIgniter\BaseModel->insert(Array, true)
#7 C:\Users\3Visao\Documents\certeira\certeira\api\app\Controllers\Empresa.php(297): CodeIgniter\Model->insert(Array)
#8 C:\Users\3Visao\Documents\certeira\certeira\api\system\CodeIgniter.php(933): App\Controllers\Empresa->put('4')
#9 C:\Users\3Visao\Documents\certeira\certeira\api\system\CodeIgniter.php(507): CodeIgniter\CodeIgniter->runController(Object(App\Controllers\Empresa))
#10 C:\Users\3Visao\Documents\certeira\certeira\api\system\CodeIgniter.php(354): CodeIgniter\CodeIgniter->handleRequest(NULL, Object(Config\Cache), false)
#11 C:\Users\3Visao\Documents\certeira\certeira\api\system\Boot.php(334): CodeIgniter\CodeIgniter->run()
#12 C:\Users\3Visao\Documents\certeira\certeira\api\system\Boot.php(67): CodeIgniter\Boot::runCodeIgniter(Object(CodeIgniter\CodeIgniter))
#13 C:\Users\3Visao\Documents\certeira\certeira\api\public\index.php(59): CodeIgniter\Boot::bootWeb(Object(Config\Paths))
#14 C:\Users\3Visao\Documents\certeira\certeira\api\system\rewrite.php(44): require_once('C:\\Users\\3Visao...')
#15 {main}
CRITICAL - 2025-07-04 15:59:37 --> CodeIgniter\Database\Exceptions\DatabaseException: Cannot add or update a child row: a foreign key constraint fails (`certeira`.`cidade`, CONSTRAINT `cidade_ibfk_1` FOREIGN KEY (`codigoEstado`) REFERENCES `estado` (`codigo`))
[Method: PUT, Route: empresa/4]
in SYSTEMPATH\Database\BaseConnection.php on line 692.
 1 SYSTEMPATH\Database\BaseBuilder.php(2345): CodeIgniter\Database\BaseConnection->query('INSERT INTO `Cidade` (`cidade`) VALUES (:cidade:)', [...], false)
 2 SYSTEMPATH\Model.php(394): CodeIgniter\Database\BaseBuilder->insert()
 3 SYSTEMPATH\BaseModel.php(843): CodeIgniter\Model->doInsert([...])
 4 SYSTEMPATH\Model.php(800): CodeIgniter\BaseModel->insert([...], true)
 5 APPPATH\Controllers\Empresa.php(297): CodeIgniter\Model->insert([...])
 6 SYSTEMPATH\CodeIgniter.php(933): App\Controllers\Empresa->put('4')
 7 SYSTEMPATH\CodeIgniter.php(507): CodeIgniter\CodeIgniter->runController(Object(App\Controllers\Empresa))
 8 SYSTEMPATH\CodeIgniter.php(354): CodeIgniter\CodeIgniter->handleRequest(null, Object(Config\Cache), false)
 9 SYSTEMPATH\Boot.php(334): CodeIgniter\CodeIgniter->run()
10 SYSTEMPATH\Boot.php(67): CodeIgniter\Boot::runCodeIgniter(Object(CodeIgniter\CodeIgniter))
11 FCPATH\index.php(59): CodeIgniter\Boot::bootWeb(Object(Config\Paths))
12 SYSTEMPATH\rewrite.php(44): require_once('C:\\Users\\3Visao\\Documents\\certeira\\certeira\\api\\public\\index.php')
CRITICAL - 2025-07-04 15:59:37 --> [Caused by] CodeIgniter\Database\Exceptions\DatabaseException: Cannot add or update a child row: a foreign key constraint fails (`certeira`.`cidade`, CONSTRAINT `cidade_ibfk_1` FOREIGN KEY (`codigoEstado`) REFERENCES `estado` (`codigo`))
in SYSTEMPATH\Database\MySQLi\Connection.php on line 332.
 1 SYSTEMPATH\Database\BaseConnection.php(738): CodeIgniter\Database\MySQLi\Connection->execute('INSERT INTO `Cidade` (`cidade`) VALUES (\'OURINHOS\')')
 2 SYSTEMPATH\Database\BaseConnection.php(652): CodeIgniter\Database\BaseConnection->simpleQuery('INSERT INTO `Cidade` (`cidade`) VALUES (\'OURINHOS\')')
 3 SYSTEMPATH\Database\BaseBuilder.php(2345): CodeIgniter\Database\BaseConnection->query('INSERT INTO `Cidade` (`cidade`) VALUES (:cidade:)', [...], false)
 4 SYSTEMPATH\Model.php(394): CodeIgniter\Database\BaseBuilder->insert()
 5 SYSTEMPATH\BaseModel.php(843): CodeIgniter\Model->doInsert([...])
 6 SYSTEMPATH\Model.php(800): CodeIgniter\BaseModel->insert([...], true)
 7 APPPATH\Controllers\Empresa.php(297): CodeIgniter\Model->insert([...])
 8 SYSTEMPATH\CodeIgniter.php(933): App\Controllers\Empresa->put('4')
 9 SYSTEMPATH\CodeIgniter.php(507): CodeIgniter\CodeIgniter->runController(Object(App\Controllers\Empresa))
10 SYSTEMPATH\CodeIgniter.php(354): CodeIgniter\CodeIgniter->handleRequest(null, Object(Config\Cache), false)
11 SYSTEMPATH\Boot.php(334): CodeIgniter\CodeIgniter->run()
12 SYSTEMPATH\Boot.php(67): CodeIgniter\Boot::runCodeIgniter(Object(CodeIgniter\CodeIgniter))
13 FCPATH\index.php(59): CodeIgniter\Boot::bootWeb(Object(Config\Paths))
14 SYSTEMPATH\rewrite.php(44): require_once('C:\\Users\\3Visao\\Documents\\certeira\\certeira\\api\\public\\index.php')
CRITICAL - 2025-07-04 15:59:37 --> [Caused by] mysqli_sql_exception: Cannot add or update a child row: a foreign key constraint fails (`certeira`.`cidade`, CONSTRAINT `cidade_ibfk_1` FOREIGN KEY (`codigoEstado`) REFERENCES `estado` (`codigo`))
in SYSTEMPATH\Database\MySQLi\Connection.php on line 327.
 1 SYSTEMPATH\Database\MySQLi\Connection.php(327): mysqli->query('INSERT INTO `Cidade` (`cidade`) VALUES (\'OURINHOS\')', 0)
 2 SYSTEMPATH\Database\BaseConnection.php(738): CodeIgniter\Database\MySQLi\Connection->execute('INSERT INTO `Cidade` (`cidade`) VALUES (\'OURINHOS\')')
 3 SYSTEMPATH\Database\BaseConnection.php(652): CodeIgniter\Database\BaseConnection->simpleQuery('INSERT INTO `Cidade` (`cidade`) VALUES (\'OURINHOS\')')
 4 SYSTEMPATH\Database\BaseBuilder.php(2345): CodeIgniter\Database\BaseConnection->query('INSERT INTO `Cidade` (`cidade`) VALUES (:cidade:)', [...], false)
 5 SYSTEMPATH\Model.php(394): CodeIgniter\Database\BaseBuilder->insert()
 6 SYSTEMPATH\BaseModel.php(843): CodeIgniter\Model->doInsert([...])
 7 SYSTEMPATH\Model.php(800): CodeIgniter\BaseModel->insert([...], true)
 8 APPPATH\Controllers\Empresa.php(297): CodeIgniter\Model->insert([...])
 9 SYSTEMPATH\CodeIgniter.php(933): App\Controllers\Empresa->put('4')
10 SYSTEMPATH\CodeIgniter.php(507): CodeIgniter\CodeIgniter->runController(Object(App\Controllers\Empresa))
11 SYSTEMPATH\CodeIgniter.php(354): CodeIgniter\CodeIgniter->handleRequest(null, Object(Config\Cache), false)
12 SYSTEMPATH\Boot.php(334): CodeIgniter\CodeIgniter->run()
13 SYSTEMPATH\Boot.php(67): CodeIgniter\Boot::runCodeIgniter(Object(CodeIgniter\CodeIgniter))
14 FCPATH\index.php(59): CodeIgniter\Boot::bootWeb(Object(Config\Paths))
15 SYSTEMPATH\rewrite.php(44): require_once('C:\\Users\\3Visao\\Documents\\certeira\\certeira\\api\\public\\index.php')
ERROR - 2025-07-04 16:01:08 --> mysqli_sql_exception: Cannot add or update a child row: a foreign key constraint fails (`certeira`.`cidade`, CONSTRAINT `cidade_ibfk_1` FOREIGN KEY (`codigoEstado`) REFERENCES `estado` (`codigo`)) in C:\Users\3Visao\Documents\certeira\certeira\api\system\Database\MySQLi\Connection.php:327
Stack trace:
#0 C:\Users\3Visao\Documents\certeira\certeira\api\system\Database\MySQLi\Connection.php(327): mysqli->query('INSERT INTO `Ci...', 0)
#1 C:\Users\3Visao\Documents\certeira\certeira\api\system\Database\BaseConnection.php(738): CodeIgniter\Database\MySQLi\Connection->execute('INSERT INTO `Ci...')
#2 C:\Users\3Visao\Documents\certeira\certeira\api\system\Database\BaseConnection.php(652): CodeIgniter\Database\BaseConnection->simpleQuery('INSERT INTO `Ci...')
#3 C:\Users\3Visao\Documents\certeira\certeira\api\system\Database\BaseBuilder.php(2345): CodeIgniter\Database\BaseConnection->query('INSERT INTO `Ci...', Array, false)
#4 C:\Users\3Visao\Documents\certeira\certeira\api\system\Model.php(394): CodeIgniter\Database\BaseBuilder->insert()
#5 C:\Users\3Visao\Documents\certeira\certeira\api\system\BaseModel.php(843): CodeIgniter\Model->doInsert(Array)
#6 C:\Users\3Visao\Documents\certeira\certeira\api\system\Model.php(800): CodeIgniter\BaseModel->insert(Array, true)
#7 C:\Users\3Visao\Documents\certeira\certeira\api\app\Controllers\Empresa.php(298): CodeIgniter\Model->insert(Array)
#8 C:\Users\3Visao\Documents\certeira\certeira\api\system\CodeIgniter.php(933): App\Controllers\Empresa->put('4')
#9 C:\Users\3Visao\Documents\certeira\certeira\api\system\CodeIgniter.php(507): CodeIgniter\CodeIgniter->runController(Object(App\Controllers\Empresa))
#10 C:\Users\3Visao\Documents\certeira\certeira\api\system\CodeIgniter.php(354): CodeIgniter\CodeIgniter->handleRequest(NULL, Object(Config\Cache), false)
#11 C:\Users\3Visao\Documents\certeira\certeira\api\system\Boot.php(334): CodeIgniter\CodeIgniter->run()
#12 C:\Users\3Visao\Documents\certeira\certeira\api\system\Boot.php(67): CodeIgniter\Boot::runCodeIgniter(Object(CodeIgniter\CodeIgniter))
#13 C:\Users\3Visao\Documents\certeira\certeira\api\public\index.php(59): CodeIgniter\Boot::bootWeb(Object(Config\Paths))
#14 C:\Users\3Visao\Documents\certeira\certeira\api\system\rewrite.php(44): require_once('C:\\Users\\3Visao...')
#15 {main}
CRITICAL - 2025-07-04 16:01:08 --> CodeIgniter\Database\Exceptions\DatabaseException: Cannot add or update a child row: a foreign key constraint fails (`certeira`.`cidade`, CONSTRAINT `cidade_ibfk_1` FOREIGN KEY (`codigoEstado`) REFERENCES `estado` (`codigo`))
[Method: PUT, Route: empresa/4]
in SYSTEMPATH\Database\BaseConnection.php on line 692.
 1 SYSTEMPATH\Database\BaseBuilder.php(2345): CodeIgniter\Database\BaseConnection->query('INSERT INTO `Cidade` (`cidade`) VALUES (:cidade:)', [...], false)
 2 SYSTEMPATH\Model.php(394): CodeIgniter\Database\BaseBuilder->insert()
 3 SYSTEMPATH\BaseModel.php(843): CodeIgniter\Model->doInsert([...])
 4 SYSTEMPATH\Model.php(800): CodeIgniter\BaseModel->insert([...], true)
 5 APPPATH\Controllers\Empresa.php(298): CodeIgniter\Model->insert([...])
 6 SYSTEMPATH\CodeIgniter.php(933): App\Controllers\Empresa->put('4')
 7 SYSTEMPATH\CodeIgniter.php(507): CodeIgniter\CodeIgniter->runController(Object(App\Controllers\Empresa))
 8 SYSTEMPATH\CodeIgniter.php(354): CodeIgniter\CodeIgniter->handleRequest(null, Object(Config\Cache), false)
 9 SYSTEMPATH\Boot.php(334): CodeIgniter\CodeIgniter->run()
10 SYSTEMPATH\Boot.php(67): CodeIgniter\Boot::runCodeIgniter(Object(CodeIgniter\CodeIgniter))
11 FCPATH\index.php(59): CodeIgniter\Boot::bootWeb(Object(Config\Paths))
12 SYSTEMPATH\rewrite.php(44): require_once('C:\\Users\\3Visao\\Documents\\certeira\\certeira\\api\\public\\index.php')
CRITICAL - 2025-07-04 16:01:08 --> [Caused by] CodeIgniter\Database\Exceptions\DatabaseException: Cannot add or update a child row: a foreign key constraint fails (`certeira`.`cidade`, CONSTRAINT `cidade_ibfk_1` FOREIGN KEY (`codigoEstado`) REFERENCES `estado` (`codigo`))
in SYSTEMPATH\Database\MySQLi\Connection.php on line 332.
 1 SYSTEMPATH\Database\BaseConnection.php(738): CodeIgniter\Database\MySQLi\Connection->execute('INSERT INTO `Cidade` (`cidade`) VALUES (\'OURINHOS\')')
 2 SYSTEMPATH\Database\BaseConnection.php(652): CodeIgniter\Database\BaseConnection->simpleQuery('INSERT INTO `Cidade` (`cidade`) VALUES (\'OURINHOS\')')
 3 SYSTEMPATH\Database\BaseBuilder.php(2345): CodeIgniter\Database\BaseConnection->query('INSERT INTO `Cidade` (`cidade`) VALUES (:cidade:)', [...], false)
 4 SYSTEMPATH\Model.php(394): CodeIgniter\Database\BaseBuilder->insert()
 5 SYSTEMPATH\BaseModel.php(843): CodeIgniter\Model->doInsert([...])
 6 SYSTEMPATH\Model.php(800): CodeIgniter\BaseModel->insert([...], true)
 7 APPPATH\Controllers\Empresa.php(298): CodeIgniter\Model->insert([...])
 8 SYSTEMPATH\CodeIgniter.php(933): App\Controllers\Empresa->put('4')
 9 SYSTEMPATH\CodeIgniter.php(507): CodeIgniter\CodeIgniter->runController(Object(App\Controllers\Empresa))
10 SYSTEMPATH\CodeIgniter.php(354): CodeIgniter\CodeIgniter->handleRequest(null, Object(Config\Cache), false)
11 SYSTEMPATH\Boot.php(334): CodeIgniter\CodeIgniter->run()
12 SYSTEMPATH\Boot.php(67): CodeIgniter\Boot::runCodeIgniter(Object(CodeIgniter\CodeIgniter))
13 FCPATH\index.php(59): CodeIgniter\Boot::bootWeb(Object(Config\Paths))
14 SYSTEMPATH\rewrite.php(44): require_once('C:\\Users\\3Visao\\Documents\\certeira\\certeira\\api\\public\\index.php')
CRITICAL - 2025-07-04 16:01:08 --> [Caused by] mysqli_sql_exception: Cannot add or update a child row: a foreign key constraint fails (`certeira`.`cidade`, CONSTRAINT `cidade_ibfk_1` FOREIGN KEY (`codigoEstado`) REFERENCES `estado` (`codigo`))
in SYSTEMPATH\Database\MySQLi\Connection.php on line 327.
 1 SYSTEMPATH\Database\MySQLi\Connection.php(327): mysqli->query('INSERT INTO `Cidade` (`cidade`) VALUES (\'OURINHOS\')', 0)
 2 SYSTEMPATH\Database\BaseConnection.php(738): CodeIgniter\Database\MySQLi\Connection->execute('INSERT INTO `Cidade` (`cidade`) VALUES (\'OURINHOS\')')
 3 SYSTEMPATH\Database\BaseConnection.php(652): CodeIgniter\Database\BaseConnection->simpleQuery('INSERT INTO `Cidade` (`cidade`) VALUES (\'OURINHOS\')')
 4 SYSTEMPATH\Database\BaseBuilder.php(2345): CodeIgniter\Database\BaseConnection->query('INSERT INTO `Cidade` (`cidade`) VALUES (:cidade:)', [...], false)
 5 SYSTEMPATH\Model.php(394): CodeIgniter\Database\BaseBuilder->insert()
 6 SYSTEMPATH\BaseModel.php(843): CodeIgniter\Model->doInsert([...])
 7 SYSTEMPATH\Model.php(800): CodeIgniter\BaseModel->insert([...], true)
 8 APPPATH\Controllers\Empresa.php(298): CodeIgniter\Model->insert([...])
 9 SYSTEMPATH\CodeIgniter.php(933): App\Controllers\Empresa->put('4')
10 SYSTEMPATH\CodeIgniter.php(507): CodeIgniter\CodeIgniter->runController(Object(App\Controllers\Empresa))
11 SYSTEMPATH\CodeIgniter.php(354): CodeIgniter\CodeIgniter->handleRequest(null, Object(Config\Cache), false)
12 SYSTEMPATH\Boot.php(334): CodeIgniter\CodeIgniter->run()
13 SYSTEMPATH\Boot.php(67): CodeIgniter\Boot::runCodeIgniter(Object(CodeIgniter\CodeIgniter))
14 FCPATH\index.php(59): CodeIgniter\Boot::bootWeb(Object(Config\Paths))
15 SYSTEMPATH\rewrite.php(44): require_once('C:\\Users\\3Visao\\Documents\\certeira\\certeira\\api\\public\\index.php')
ERROR - 2025-07-04 16:01:28 --> mysqli_sql_exception: Cannot add or update a child row: a foreign key constraint fails (`certeira`.`cidade`, CONSTRAINT `cidade_ibfk_1` FOREIGN KEY (`codigoEstado`) REFERENCES `estado` (`codigo`)) in C:\Users\3Visao\Documents\certeira\certeira\api\system\Database\MySQLi\Connection.php:327
Stack trace:
#0 C:\Users\3Visao\Documents\certeira\certeira\api\system\Database\MySQLi\Connection.php(327): mysqli->query('INSERT INTO `Ci...', 0)
#1 C:\Users\3Visao\Documents\certeira\certeira\api\system\Database\BaseConnection.php(738): CodeIgniter\Database\MySQLi\Connection->execute('INSERT INTO `Ci...')
#2 C:\Users\3Visao\Documents\certeira\certeira\api\system\Database\BaseConnection.php(652): CodeIgniter\Database\BaseConnection->simpleQuery('INSERT INTO `Ci...')
#3 C:\Users\3Visao\Documents\certeira\certeira\api\system\Database\BaseBuilder.php(2345): CodeIgniter\Database\BaseConnection->query('INSERT INTO `Ci...', Array, false)
#4 C:\Users\3Visao\Documents\certeira\certeira\api\system\Model.php(394): CodeIgniter\Database\BaseBuilder->insert()
#5 C:\Users\3Visao\Documents\certeira\certeira\api\system\BaseModel.php(843): CodeIgniter\Model->doInsert(Array)
#6 C:\Users\3Visao\Documents\certeira\certeira\api\system\Model.php(800): CodeIgniter\BaseModel->insert(Array, true)
#7 C:\Users\3Visao\Documents\certeira\certeira\api\app\Controllers\Empresa.php(299): CodeIgniter\Model->insert(Array)
#8 C:\Users\3Visao\Documents\certeira\certeira\api\system\CodeIgniter.php(933): App\Controllers\Empresa->put('4')
#9 C:\Users\3Visao\Documents\certeira\certeira\api\system\CodeIgniter.php(507): CodeIgniter\CodeIgniter->runController(Object(App\Controllers\Empresa))
#10 C:\Users\3Visao\Documents\certeira\certeira\api\system\CodeIgniter.php(354): CodeIgniter\CodeIgniter->handleRequest(NULL, Object(Config\Cache), false)
#11 C:\Users\3Visao\Documents\certeira\certeira\api\system\Boot.php(334): CodeIgniter\CodeIgniter->run()
#12 C:\Users\3Visao\Documents\certeira\certeira\api\system\Boot.php(67): CodeIgniter\Boot::runCodeIgniter(Object(CodeIgniter\CodeIgniter))
#13 C:\Users\3Visao\Documents\certeira\certeira\api\public\index.php(59): CodeIgniter\Boot::bootWeb(Object(Config\Paths))
#14 C:\Users\3Visao\Documents\certeira\certeira\api\system\rewrite.php(44): require_once('C:\\Users\\3Visao...')
#15 {main}
CRITICAL - 2025-07-04 16:01:28 --> CodeIgniter\Database\Exceptions\DatabaseException: Cannot add or update a child row: a foreign key constraint fails (`certeira`.`cidade`, CONSTRAINT `cidade_ibfk_1` FOREIGN KEY (`codigoEstado`) REFERENCES `estado` (`codigo`))
[Method: PUT, Route: empresa/4]
in SYSTEMPATH\Database\BaseConnection.php on line 692.
 1 SYSTEMPATH\Database\BaseBuilder.php(2345): CodeIgniter\Database\BaseConnection->query('INSERT INTO `Cidade` (`cidade`) VALUES (:cidade:)', [...], false)
 2 SYSTEMPATH\Model.php(394): CodeIgniter\Database\BaseBuilder->insert()
 3 SYSTEMPATH\BaseModel.php(843): CodeIgniter\Model->doInsert([...])
 4 SYSTEMPATH\Model.php(800): CodeIgniter\BaseModel->insert([...], true)
 5 APPPATH\Controllers\Empresa.php(299): CodeIgniter\Model->insert([...])
 6 SYSTEMPATH\CodeIgniter.php(933): App\Controllers\Empresa->put('4')
 7 SYSTEMPATH\CodeIgniter.php(507): CodeIgniter\CodeIgniter->runController(Object(App\Controllers\Empresa))
 8 SYSTEMPATH\CodeIgniter.php(354): CodeIgniter\CodeIgniter->handleRequest(null, Object(Config\Cache), false)
 9 SYSTEMPATH\Boot.php(334): CodeIgniter\CodeIgniter->run()
10 SYSTEMPATH\Boot.php(67): CodeIgniter\Boot::runCodeIgniter(Object(CodeIgniter\CodeIgniter))
11 FCPATH\index.php(59): CodeIgniter\Boot::bootWeb(Object(Config\Paths))
12 SYSTEMPATH\rewrite.php(44): require_once('C:\\Users\\3Visao\\Documents\\certeira\\certeira\\api\\public\\index.php')
CRITICAL - 2025-07-04 16:01:28 --> [Caused by] CodeIgniter\Database\Exceptions\DatabaseException: Cannot add or update a child row: a foreign key constraint fails (`certeira`.`cidade`, CONSTRAINT `cidade_ibfk_1` FOREIGN KEY (`codigoEstado`) REFERENCES `estado` (`codigo`))
in SYSTEMPATH\Database\MySQLi\Connection.php on line 332.
 1 SYSTEMPATH\Database\BaseConnection.php(738): CodeIgniter\Database\MySQLi\Connection->execute('INSERT INTO `Cidade` (`cidade`) VALUES (\'OURINHOS\')')
 2 SYSTEMPATH\Database\BaseConnection.php(652): CodeIgniter\Database\BaseConnection->simpleQuery('INSERT INTO `Cidade` (`cidade`) VALUES (\'OURINHOS\')')
 3 SYSTEMPATH\Database\BaseBuilder.php(2345): CodeIgniter\Database\BaseConnection->query('INSERT INTO `Cidade` (`cidade`) VALUES (:cidade:)', [...], false)
 4 SYSTEMPATH\Model.php(394): CodeIgniter\Database\BaseBuilder->insert()
 5 SYSTEMPATH\BaseModel.php(843): CodeIgniter\Model->doInsert([...])
 6 SYSTEMPATH\Model.php(800): CodeIgniter\BaseModel->insert([...], true)
 7 APPPATH\Controllers\Empresa.php(299): CodeIgniter\Model->insert([...])
 8 SYSTEMPATH\CodeIgniter.php(933): App\Controllers\Empresa->put('4')
 9 SYSTEMPATH\CodeIgniter.php(507): CodeIgniter\CodeIgniter->runController(Object(App\Controllers\Empresa))
10 SYSTEMPATH\CodeIgniter.php(354): CodeIgniter\CodeIgniter->handleRequest(null, Object(Config\Cache), false)
11 SYSTEMPATH\Boot.php(334): CodeIgniter\CodeIgniter->run()
12 SYSTEMPATH\Boot.php(67): CodeIgniter\Boot::runCodeIgniter(Object(CodeIgniter\CodeIgniter))
13 FCPATH\index.php(59): CodeIgniter\Boot::bootWeb(Object(Config\Paths))
14 SYSTEMPATH\rewrite.php(44): require_once('C:\\Users\\3Visao\\Documents\\certeira\\certeira\\api\\public\\index.php')
CRITICAL - 2025-07-04 16:01:28 --> [Caused by] mysqli_sql_exception: Cannot add or update a child row: a foreign key constraint fails (`certeira`.`cidade`, CONSTRAINT `cidade_ibfk_1` FOREIGN KEY (`codigoEstado`) REFERENCES `estado` (`codigo`))
in SYSTEMPATH\Database\MySQLi\Connection.php on line 327.
 1 SYSTEMPATH\Database\MySQLi\Connection.php(327): mysqli->query('INSERT INTO `Cidade` (`cidade`) VALUES (\'OURINHOS\')', 0)
 2 SYSTEMPATH\Database\BaseConnection.php(738): CodeIgniter\Database\MySQLi\Connection->execute('INSERT INTO `Cidade` (`cidade`) VALUES (\'OURINHOS\')')
 3 SYSTEMPATH\Database\BaseConnection.php(652): CodeIgniter\Database\BaseConnection->simpleQuery('INSERT INTO `Cidade` (`cidade`) VALUES (\'OURINHOS\')')
 4 SYSTEMPATH\Database\BaseBuilder.php(2345): CodeIgniter\Database\BaseConnection->query('INSERT INTO `Cidade` (`cidade`) VALUES (:cidade:)', [...], false)
 5 SYSTEMPATH\Model.php(394): CodeIgniter\Database\BaseBuilder->insert()
 6 SYSTEMPATH\BaseModel.php(843): CodeIgniter\Model->doInsert([...])
 7 SYSTEMPATH\Model.php(800): CodeIgniter\BaseModel->insert([...], true)
 8 APPPATH\Controllers\Empresa.php(299): CodeIgniter\Model->insert([...])
 9 SYSTEMPATH\CodeIgniter.php(933): App\Controllers\Empresa->put('4')
10 SYSTEMPATH\CodeIgniter.php(507): CodeIgniter\CodeIgniter->runController(Object(App\Controllers\Empresa))
11 SYSTEMPATH\CodeIgniter.php(354): CodeIgniter\CodeIgniter->handleRequest(null, Object(Config\Cache), false)
12 SYSTEMPATH\Boot.php(334): CodeIgniter\CodeIgniter->run()
13 SYSTEMPATH\Boot.php(67): CodeIgniter\Boot::runCodeIgniter(Object(CodeIgniter\CodeIgniter))
14 FCPATH\index.php(59): CodeIgniter\Boot::bootWeb(Object(Config\Paths))
15 SYSTEMPATH\rewrite.php(44): require_once('C:\\Users\\3Visao\\Documents\\certeira\\certeira\\api\\public\\index.php')
ERROR - 2025-07-04 16:03:52 --> mysqli_sql_exception: Cannot add or update a child row: a foreign key constraint fails (`certeira`.`cidade`, CONSTRAINT `cidade_ibfk_1` FOREIGN KEY (`codigoEstado`) REFERENCES `estado` (`codigo`)) in C:\Users\3Visao\Documents\certeira\certeira\api\system\Database\MySQLi\Connection.php:327
Stack trace:
#0 C:\Users\3Visao\Documents\certeira\certeira\api\system\Database\MySQLi\Connection.php(327): mysqli->query('INSERT INTO `Ci...', 0)
#1 C:\Users\3Visao\Documents\certeira\certeira\api\system\Database\BaseConnection.php(738): CodeIgniter\Database\MySQLi\Connection->execute('INSERT INTO `Ci...')
#2 C:\Users\3Visao\Documents\certeira\certeira\api\system\Database\BaseConnection.php(652): CodeIgniter\Database\BaseConnection->simpleQuery('INSERT INTO `Ci...')
#3 C:\Users\3Visao\Documents\certeira\certeira\api\system\Database\BaseBuilder.php(2345): CodeIgniter\Database\BaseConnection->query('INSERT INTO `Ci...', Array, false)
#4 C:\Users\3Visao\Documents\certeira\certeira\api\system\Model.php(394): CodeIgniter\Database\BaseBuilder->insert()
#5 C:\Users\3Visao\Documents\certeira\certeira\api\system\BaseModel.php(843): CodeIgniter\Model->doInsert(Array)
#6 C:\Users\3Visao\Documents\certeira\certeira\api\system\Model.php(800): CodeIgniter\BaseModel->insert(Array, true)
#7 C:\Users\3Visao\Documents\certeira\certeira\api\app\Controllers\Empresa.php(297): CodeIgniter\Model->insert(Array)
#8 C:\Users\3Visao\Documents\certeira\certeira\api\system\CodeIgniter.php(933): App\Controllers\Empresa->put('4')
#9 C:\Users\3Visao\Documents\certeira\certeira\api\system\CodeIgniter.php(507): CodeIgniter\CodeIgniter->runController(Object(App\Controllers\Empresa))
#10 C:\Users\3Visao\Documents\certeira\certeira\api\system\CodeIgniter.php(354): CodeIgniter\CodeIgniter->handleRequest(NULL, Object(Config\Cache), false)
#11 C:\Users\3Visao\Documents\certeira\certeira\api\system\Boot.php(334): CodeIgniter\CodeIgniter->run()
#12 C:\Users\3Visao\Documents\certeira\certeira\api\system\Boot.php(67): CodeIgniter\Boot::runCodeIgniter(Object(CodeIgniter\CodeIgniter))
#13 C:\Users\3Visao\Documents\certeira\certeira\api\public\index.php(59): CodeIgniter\Boot::bootWeb(Object(Config\Paths))
#14 C:\Users\3Visao\Documents\certeira\certeira\api\system\rewrite.php(44): require_once('C:\\Users\\3Visao...')
#15 {main}
CRITICAL - 2025-07-04 16:03:52 --> CodeIgniter\Database\Exceptions\DatabaseException: Cannot add or update a child row: a foreign key constraint fails (`certeira`.`cidade`, CONSTRAINT `cidade_ibfk_1` FOREIGN KEY (`codigoEstado`) REFERENCES `estado` (`codigo`))
[Method: PUT, Route: empresa/4]
in SYSTEMPATH\Database\BaseConnection.php on line 692.
 1 SYSTEMPATH\Database\BaseBuilder.php(2345): CodeIgniter\Database\BaseConnection->query('INSERT INTO `Cidade` (`cidade`) VALUES (:cidade:)', [...], false)
 2 SYSTEMPATH\Model.php(394): CodeIgniter\Database\BaseBuilder->insert()
 3 SYSTEMPATH\BaseModel.php(843): CodeIgniter\Model->doInsert([...])
 4 SYSTEMPATH\Model.php(800): CodeIgniter\BaseModel->insert([...], true)
 5 APPPATH\Controllers\Empresa.php(297): CodeIgniter\Model->insert([...])
 6 SYSTEMPATH\CodeIgniter.php(933): App\Controllers\Empresa->put('4')
 7 SYSTEMPATH\CodeIgniter.php(507): CodeIgniter\CodeIgniter->runController(Object(App\Controllers\Empresa))
 8 SYSTEMPATH\CodeIgniter.php(354): CodeIgniter\CodeIgniter->handleRequest(null, Object(Config\Cache), false)
 9 SYSTEMPATH\Boot.php(334): CodeIgniter\CodeIgniter->run()
10 SYSTEMPATH\Boot.php(67): CodeIgniter\Boot::runCodeIgniter(Object(CodeIgniter\CodeIgniter))
11 FCPATH\index.php(59): CodeIgniter\Boot::bootWeb(Object(Config\Paths))
12 SYSTEMPATH\rewrite.php(44): require_once('C:\\Users\\3Visao\\Documents\\certeira\\certeira\\api\\public\\index.php')
CRITICAL - 2025-07-04 16:03:52 --> [Caused by] CodeIgniter\Database\Exceptions\DatabaseException: Cannot add or update a child row: a foreign key constraint fails (`certeira`.`cidade`, CONSTRAINT `cidade_ibfk_1` FOREIGN KEY (`codigoEstado`) REFERENCES `estado` (`codigo`))
in SYSTEMPATH\Database\MySQLi\Connection.php on line 332.
 1 SYSTEMPATH\Database\BaseConnection.php(738): CodeIgniter\Database\MySQLi\Connection->execute('INSERT INTO `Cidade` (`cidade`) VALUES (\'OURINHOS\')')
 2 SYSTEMPATH\Database\BaseConnection.php(652): CodeIgniter\Database\BaseConnection->simpleQuery('INSERT INTO `Cidade` (`cidade`) VALUES (\'OURINHOS\')')
 3 SYSTEMPATH\Database\BaseBuilder.php(2345): CodeIgniter\Database\BaseConnection->query('INSERT INTO `Cidade` (`cidade`) VALUES (:cidade:)', [...], false)
 4 SYSTEMPATH\Model.php(394): CodeIgniter\Database\BaseBuilder->insert()
 5 SYSTEMPATH\BaseModel.php(843): CodeIgniter\Model->doInsert([...])
 6 SYSTEMPATH\Model.php(800): CodeIgniter\BaseModel->insert([...], true)
 7 APPPATH\Controllers\Empresa.php(297): CodeIgniter\Model->insert([...])
 8 SYSTEMPATH\CodeIgniter.php(933): App\Controllers\Empresa->put('4')
 9 SYSTEMPATH\CodeIgniter.php(507): CodeIgniter\CodeIgniter->runController(Object(App\Controllers\Empresa))
10 SYSTEMPATH\CodeIgniter.php(354): CodeIgniter\CodeIgniter->handleRequest(null, Object(Config\Cache), false)
11 SYSTEMPATH\Boot.php(334): CodeIgniter\CodeIgniter->run()
12 SYSTEMPATH\Boot.php(67): CodeIgniter\Boot::runCodeIgniter(Object(CodeIgniter\CodeIgniter))
13 FCPATH\index.php(59): CodeIgniter\Boot::bootWeb(Object(Config\Paths))
14 SYSTEMPATH\rewrite.php(44): require_once('C:\\Users\\3Visao\\Documents\\certeira\\certeira\\api\\public\\index.php')
CRITICAL - 2025-07-04 16:03:52 --> [Caused by] mysqli_sql_exception: Cannot add or update a child row: a foreign key constraint fails (`certeira`.`cidade`, CONSTRAINT `cidade_ibfk_1` FOREIGN KEY (`codigoEstado`) REFERENCES `estado` (`codigo`))
in SYSTEMPATH\Database\MySQLi\Connection.php on line 327.
 1 SYSTEMPATH\Database\MySQLi\Connection.php(327): mysqli->query('INSERT INTO `Cidade` (`cidade`) VALUES (\'OURINHOS\')', 0)
 2 SYSTEMPATH\Database\BaseConnection.php(738): CodeIgniter\Database\MySQLi\Connection->execute('INSERT INTO `Cidade` (`cidade`) VALUES (\'OURINHOS\')')
 3 SYSTEMPATH\Database\BaseConnection.php(652): CodeIgniter\Database\BaseConnection->simpleQuery('INSERT INTO `Cidade` (`cidade`) VALUES (\'OURINHOS\')')
 4 SYSTEMPATH\Database\BaseBuilder.php(2345): CodeIgniter\Database\BaseConnection->query('INSERT INTO `Cidade` (`cidade`) VALUES (:cidade:)', [...], false)
 5 SYSTEMPATH\Model.php(394): CodeIgniter\Database\BaseBuilder->insert()
 6 SYSTEMPATH\BaseModel.php(843): CodeIgniter\Model->doInsert([...])
 7 SYSTEMPATH\Model.php(800): CodeIgniter\BaseModel->insert([...], true)
 8 APPPATH\Controllers\Empresa.php(297): CodeIgniter\Model->insert([...])
 9 SYSTEMPATH\CodeIgniter.php(933): App\Controllers\Empresa->put('4')
10 SYSTEMPATH\CodeIgniter.php(507): CodeIgniter\CodeIgniter->runController(Object(App\Controllers\Empresa))
11 SYSTEMPATH\CodeIgniter.php(354): CodeIgniter\CodeIgniter->handleRequest(null, Object(Config\Cache), false)
12 SYSTEMPATH\Boot.php(334): CodeIgniter\CodeIgniter->run()
13 SYSTEMPATH\Boot.php(67): CodeIgniter\Boot::runCodeIgniter(Object(CodeIgniter\CodeIgniter))
14 FCPATH\index.php(59): CodeIgniter\Boot::bootWeb(Object(Config\Paths))
15 SYSTEMPATH\rewrite.php(44): require_once('C:\\Users\\3Visao\\Documents\\certeira\\certeira\\api\\public\\index.php')
