CRITICAL - 2025-07-17 11:24:52 --> TypeError: CodeIgniter\HTTP\ContentSecurityPolicy::enabled(): Return value must be of type bool, string returned
[Method: GET, Route: /]
in SYSTEMPATH\HTTP\ContentSecurityPolicy.php on line 297.
 1 SYSTEMPATH\Autoloader\Autoloader.php(543): CodeIgniter\HTTP\ContentSecurityPolicy->enabled()
 2 SYSTEMPATH\Autoloader\Autoloader.php(499): CodeIgniter\Autoloader\Autoloader->configureKint()
 3 SYSTEMPATH\Boot.php(302): CodeIgniter\Autoloader\Autoloader->initializeKint(true)
 4 SYSTEMPATH\Boot.php(98): CodeIgniter\Boot::initializeKint()
 5 ROOTPATH\spark(87): CodeIgniter\Boot::bootSpark(Object(Config\Paths))
CRITICAL - 2025-07-17 11:24:53 --> ErrorException: Uncaught TypeError: CodeIgniter\HTTP\ContentSecurityPolicy::enabled(): Return value must be of type bool, string returned in C:\Users\3Visao\Documents\certeira\certeira\api\system\HTTP\ContentSecurityPolicy.php:297
Stack trace:
#0 C:\Users\3Visao\Documents\certeira\certeira\api\system\HTTP\ResponseTrait.php(370): CodeIgniter\HTTP\ContentSecurityPolicy->enabled()
#1 C:\Users\3Visao\Documents\certeira\certeira\api\system\Debug\ExceptionHandler.php(85): CodeIgniter\HTTP\Response->send()
#2 C:\Users\3Visao\Documents\certeira\certeira\api\system\Debug\Exceptions.php(162): CodeIgniter\Debug\ExceptionHandler->handle(Object(TypeError), Object(CodeIgniter\HTTP\IncomingRequest), Object(CodeIgniter\HTTP\Response), 500, 1)
#3 [internal function]: CodeIgniter\Debug\Exceptions->exceptionHandler(Object(TypeError))
#4 {main}
  thrown
【Previous Exception】
TypeError
CodeIgniter\HTTP\ContentSecurityPolicy::enabled(): Return value must be of type bool, string returned
#0 C:\Users\3Visao\Documents\certeira\certeira\api\system\Autoloader\Autoloader.php(543): CodeIgniter\HTTP\ContentSecurityPolicy->enabled()
#1 C:\Users\3Visao\Documents\certeira\certeira\api\system\Autoloader\Autoloader.php(499): CodeIgniter\Autoloader\Autoloader->configureKint()
#2 C:\Users\3Visao\Documents\certeira\certeira\api\system\Boot.php(302): CodeIgniter\Autoloader\Autoloader->initializeKint(true)
#3 C:\Users\3Visao\Documents\certeira\certeira\api\system\Boot.php(98): CodeIgniter\Boot::initializeKint()
#4 C:\Users\3Visao\Documents\certeira\certeira\api\spark(87): CodeIgniter\Boot::bootSpark(Object(Config\Paths))
#5 {main}
[Method: GET, Route: /]
in SYSTEMPATH\HTTP\ContentSecurityPolicy.php on line 297.
 1 [internal function]: CodeIgniter\Debug\Exceptions->shutdownHandler()
ERROR - 2025-07-17 12:33:04 --> mysqli_sql_exception: Unknown column 'Rua.dataDesativado' in 'where clause' in C:\Users\3Visao\Documents\certeira\certeira\api\system\Database\MySQLi\Connection.php:327
Stack trace:
#0 C:\Users\3Visao\Documents\certeira\certeira\api\system\Database\MySQLi\Connection.php(327): mysqli->query('SELECT *\nFROM `...', 0)
#1 C:\Users\3Visao\Documents\certeira\certeira\api\system\Database\BaseConnection.php(738): CodeIgniter\Database\MySQLi\Connection->execute('SELECT *\nFROM `...')
#2 C:\Users\3Visao\Documents\certeira\certeira\api\system\Database\BaseConnection.php(652): CodeIgniter\Database\BaseConnection->simpleQuery('SELECT *\nFROM `...')
#3 C:\Users\3Visao\Documents\certeira\certeira\api\system\Database\BaseBuilder.php(1649): CodeIgniter\Database\BaseConnection->query('SELECT *\nFROM `...', Array, false)
#4 C:\Users\3Visao\Documents\certeira\certeira\api\system\Model.php(210): CodeIgniter\Database\BaseBuilder->get()
#5 C:\Users\3Visao\Documents\certeira\certeira\api\system\BaseModel.php(613): CodeIgniter\Model->doFind(true, '2')
#6 C:\Users\3Visao\Documents\certeira\certeira\api\app\Controllers\RuaController.php(17): CodeIgniter\BaseModel->find('2')
#7 C:\Users\3Visao\Documents\certeira\certeira\api\app\Controllers\EnderecoController.php(33): App\Controllers\RuaController->toArray('2')
#8 C:\Users\3Visao\Documents\certeira\certeira\api\app\Controllers\EmpresaController.php(26): App\Controllers\EnderecoController->toArray('2')
#9 C:\Users\3Visao\Documents\certeira\certeira\api\app\Controllers\EmpresaController.php(52): App\Controllers\EmpresaController->toArray('1')
#10 C:\Users\3Visao\Documents\certeira\certeira\api\system\CodeIgniter.php(933): App\Controllers\EmpresaController->index()
#11 C:\Users\3Visao\Documents\certeira\certeira\api\system\CodeIgniter.php(507): CodeIgniter\CodeIgniter->runController(Object(App\Controllers\EmpresaController))
#12 C:\Users\3Visao\Documents\certeira\certeira\api\system\CodeIgniter.php(354): CodeIgniter\CodeIgniter->handleRequest(NULL, Object(Config\Cache), false)
#13 C:\Users\3Visao\Documents\certeira\certeira\api\system\Boot.php(334): CodeIgniter\CodeIgniter->run()
#14 C:\Users\3Visao\Documents\certeira\certeira\api\system\Boot.php(67): CodeIgniter\Boot::runCodeIgniter(Object(CodeIgniter\CodeIgniter))
#15 C:\Users\3Visao\Documents\certeira\certeira\api\public\index.php(59): CodeIgniter\Boot::bootWeb(Object(Config\Paths))
#16 C:\Users\3Visao\Documents\certeira\certeira\api\system\rewrite.php(44): require_once('C:\\Users\\3Visao...')
#17 {main}
CRITICAL - 2025-07-17 12:33:04 --> CodeIgniter\Database\Exceptions\DatabaseException: Unknown column 'Rua.dataDesativado' in 'where clause'
[Method: GET, Route: empresas]
in SYSTEMPATH\Database\BaseConnection.php on line 692.
 1 SYSTEMPATH\Database\BaseBuilder.php(1649): CodeIgniter\Database\BaseConnection->query('SELECT *
FROM `Rua`
WHERE `Rua`.`dataDesativado` IS NULL
AND `Rua`.`codigo` = :Rua.codigo:', [...], false)
 2 SYSTEMPATH\Model.php(210): CodeIgniter\Database\BaseBuilder->get()
 3 SYSTEMPATH\BaseModel.php(613): CodeIgniter\Model->doFind(true, '2')
 4 APPPATH\Controllers\RuaController.php(17): CodeIgniter\BaseModel->find('2')
 5 APPPATH\Controllers\EnderecoController.php(33): App\Controllers\RuaController->toArray('2')
 6 APPPATH\Controllers\EmpresaController.php(26): App\Controllers\EnderecoController->toArray('2')
 7 APPPATH\Controllers\EmpresaController.php(52): App\Controllers\EmpresaController->toArray('1')
 8 SYSTEMPATH\CodeIgniter.php(933): App\Controllers\EmpresaController->index()
 9 SYSTEMPATH\CodeIgniter.php(507): CodeIgniter\CodeIgniter->runController(Object(App\Controllers\EmpresaController))
10 SYSTEMPATH\CodeIgniter.php(354): CodeIgniter\CodeIgniter->handleRequest(null, Object(Config\Cache), false)
11 SYSTEMPATH\Boot.php(334): CodeIgniter\CodeIgniter->run()
12 SYSTEMPATH\Boot.php(67): CodeIgniter\Boot::runCodeIgniter(Object(CodeIgniter\CodeIgniter))
13 FCPATH\index.php(59): CodeIgniter\Boot::bootWeb(Object(Config\Paths))
14 SYSTEMPATH\rewrite.php(44): require_once('C:\\Users\\3Visao\\Documents\\certeira\\certeira\\api\\public\\index.php')
CRITICAL - 2025-07-17 12:33:04 --> [Caused by] CodeIgniter\Database\Exceptions\DatabaseException: Unknown column 'Rua.dataDesativado' in 'where clause'
in SYSTEMPATH\Database\MySQLi\Connection.php on line 332.
 1 SYSTEMPATH\Database\BaseConnection.php(738): CodeIgniter\Database\MySQLi\Connection->execute('SELECT *
FROM `Rua`
WHERE `Rua`.`dataDesativado` IS NULL
AND `Rua`.`codigo` = \'2\'')
 2 SYSTEMPATH\Database\BaseConnection.php(652): CodeIgniter\Database\BaseConnection->simpleQuery('SELECT *
FROM `Rua`
WHERE `Rua`.`dataDesativado` IS NULL
AND `Rua`.`codigo` = \'2\'')
 3 SYSTEMPATH\Database\BaseBuilder.php(1649): CodeIgniter\Database\BaseConnection->query('SELECT *
FROM `Rua`
WHERE `Rua`.`dataDesativado` IS NULL
AND `Rua`.`codigo` = :Rua.codigo:', [...], false)
 4 SYSTEMPATH\Model.php(210): CodeIgniter\Database\BaseBuilder->get()
 5 SYSTEMPATH\BaseModel.php(613): CodeIgniter\Model->doFind(true, '2')
 6 APPPATH\Controllers\RuaController.php(17): CodeIgniter\BaseModel->find('2')
 7 APPPATH\Controllers\EnderecoController.php(33): App\Controllers\RuaController->toArray('2')
 8 APPPATH\Controllers\EmpresaController.php(26): App\Controllers\EnderecoController->toArray('2')
 9 APPPATH\Controllers\EmpresaController.php(52): App\Controllers\EmpresaController->toArray('1')
10 SYSTEMPATH\CodeIgniter.php(933): App\Controllers\EmpresaController->index()
11 SYSTEMPATH\CodeIgniter.php(507): CodeIgniter\CodeIgniter->runController(Object(App\Controllers\EmpresaController))
12 SYSTEMPATH\CodeIgniter.php(354): CodeIgniter\CodeIgniter->handleRequest(null, Object(Config\Cache), false)
13 SYSTEMPATH\Boot.php(334): CodeIgniter\CodeIgniter->run()
14 SYSTEMPATH\Boot.php(67): CodeIgniter\Boot::runCodeIgniter(Object(CodeIgniter\CodeIgniter))
15 FCPATH\index.php(59): CodeIgniter\Boot::bootWeb(Object(Config\Paths))
16 SYSTEMPATH\rewrite.php(44): require_once('C:\\Users\\3Visao\\Documents\\certeira\\certeira\\api\\public\\index.php')
CRITICAL - 2025-07-17 12:33:04 --> [Caused by] mysqli_sql_exception: Unknown column 'Rua.dataDesativado' in 'where clause'
in SYSTEMPATH\Database\MySQLi\Connection.php on line 327.
 1 SYSTEMPATH\Database\MySQLi\Connection.php(327): mysqli->query('SELECT *
FROM `Rua`
WHERE `Rua`.`dataDesativado` IS NULL
AND `Rua`.`codigo` = \'2\'', 0)
 2 SYSTEMPATH\Database\BaseConnection.php(738): CodeIgniter\Database\MySQLi\Connection->execute('SELECT *
FROM `Rua`
WHERE `Rua`.`dataDesativado` IS NULL
AND `Rua`.`codigo` = \'2\'')
 3 SYSTEMPATH\Database\BaseConnection.php(652): CodeIgniter\Database\BaseConnection->simpleQuery('SELECT *
FROM `Rua`
WHERE `Rua`.`dataDesativado` IS NULL
AND `Rua`.`codigo` = \'2\'')
 4 SYSTEMPATH\Database\BaseBuilder.php(1649): CodeIgniter\Database\BaseConnection->query('SELECT *
FROM `Rua`
WHERE `Rua`.`dataDesativado` IS NULL
AND `Rua`.`codigo` = :Rua.codigo:', [...], false)
 5 SYSTEMPATH\Model.php(210): CodeIgniter\Database\BaseBuilder->get()
 6 SYSTEMPATH\BaseModel.php(613): CodeIgniter\Model->doFind(true, '2')
 7 APPPATH\Controllers\RuaController.php(17): CodeIgniter\BaseModel->find('2')
 8 APPPATH\Controllers\EnderecoController.php(33): App\Controllers\RuaController->toArray('2')
 9 APPPATH\Controllers\EmpresaController.php(26): App\Controllers\EnderecoController->toArray('2')
10 APPPATH\Controllers\EmpresaController.php(52): App\Controllers\EmpresaController->toArray('1')
11 SYSTEMPATH\CodeIgniter.php(933): App\Controllers\EmpresaController->index()
12 SYSTEMPATH\CodeIgniter.php(507): CodeIgniter\CodeIgniter->runController(Object(App\Controllers\EmpresaController))
13 SYSTEMPATH\CodeIgniter.php(354): CodeIgniter\CodeIgniter->handleRequest(null, Object(Config\Cache), false)
14 SYSTEMPATH\Boot.php(334): CodeIgniter\CodeIgniter->run()
15 SYSTEMPATH\Boot.php(67): CodeIgniter\Boot::runCodeIgniter(Object(CodeIgniter\CodeIgniter))
16 FCPATH\index.php(59): CodeIgniter\Boot::bootWeb(Object(Config\Paths))
17 SYSTEMPATH\rewrite.php(44): require_once('C:\\Users\\3Visao\\Documents\\certeira\\certeira\\api\\public\\index.php')
ERROR - 2025-07-17 13:31:37 --> mysqli_sql_exception: Unknown column 'Rua.dataDesativado' in 'where clause' in C:\Users\3Visao\Documents\certeira\certeira\api\system\Database\MySQLi\Connection.php:327
Stack trace:
#0 C:\Users\3Visao\Documents\certeira\certeira\api\system\Database\MySQLi\Connection.php(327): mysqli->query('SELECT *\nFROM `...', 0)
#1 C:\Users\3Visao\Documents\certeira\certeira\api\system\Database\BaseConnection.php(738): CodeIgniter\Database\MySQLi\Connection->execute('SELECT *\nFROM `...')
#2 C:\Users\3Visao\Documents\certeira\certeira\api\system\Database\BaseConnection.php(652): CodeIgniter\Database\BaseConnection->simpleQuery('SELECT *\nFROM `...')
#3 C:\Users\3Visao\Documents\certeira\certeira\api\system\Database\BaseBuilder.php(1649): CodeIgniter\Database\BaseConnection->query('SELECT *\nFROM `...', Array, false)
#4 C:\Users\3Visao\Documents\certeira\certeira\api\system\Model.php(210): CodeIgniter\Database\BaseBuilder->get()
#5 C:\Users\3Visao\Documents\certeira\certeira\api\system\BaseModel.php(613): CodeIgniter\Model->doFind(true, '2')
#6 C:\Users\3Visao\Documents\certeira\certeira\api\app\Controllers\RuaController.php(17): CodeIgniter\BaseModel->find('2')
#7 C:\Users\3Visao\Documents\certeira\certeira\api\app\Controllers\EnderecoController.php(33): App\Controllers\RuaController->toArray('2')
#8 C:\Users\3Visao\Documents\certeira\certeira\api\app\Controllers\EmpresaController.php(26): App\Controllers\EnderecoController->toArray('2')
#9 C:\Users\3Visao\Documents\certeira\certeira\api\app\Controllers\EmpresaController.php(52): App\Controllers\EmpresaController->toArray('1')
#10 C:\Users\3Visao\Documents\certeira\certeira\api\system\CodeIgniter.php(933): App\Controllers\EmpresaController->index()
#11 C:\Users\3Visao\Documents\certeira\certeira\api\system\CodeIgniter.php(507): CodeIgniter\CodeIgniter->runController(Object(App\Controllers\EmpresaController))
#12 C:\Users\3Visao\Documents\certeira\certeira\api\system\CodeIgniter.php(354): CodeIgniter\CodeIgniter->handleRequest(NULL, Object(Config\Cache), false)
#13 C:\Users\3Visao\Documents\certeira\certeira\api\system\Boot.php(334): CodeIgniter\CodeIgniter->run()
#14 C:\Users\3Visao\Documents\certeira\certeira\api\system\Boot.php(67): CodeIgniter\Boot::runCodeIgniter(Object(CodeIgniter\CodeIgniter))
#15 C:\Users\3Visao\Documents\certeira\certeira\api\public\index.php(59): CodeIgniter\Boot::bootWeb(Object(Config\Paths))
#16 C:\Users\3Visao\Documents\certeira\certeira\api\system\rewrite.php(44): require_once('C:\\Users\\3Visao...')
#17 {main}
CRITICAL - 2025-07-17 13:31:37 --> CodeIgniter\Database\Exceptions\DatabaseException: Unknown column 'Rua.dataDesativado' in 'where clause'
[Method: GET, Route: empresas]
in SYSTEMPATH\Database\BaseConnection.php on line 692.
 1 SYSTEMPATH\Database\BaseBuilder.php(1649): CodeIgniter\Database\BaseConnection->query('SELECT *
FROM `Rua`
WHERE `Rua`.`dataDesativado` IS NULL
AND `Rua`.`codigo` = :Rua.codigo:', [...], false)
 2 SYSTEMPATH\Model.php(210): CodeIgniter\Database\BaseBuilder->get()
 3 SYSTEMPATH\BaseModel.php(613): CodeIgniter\Model->doFind(true, '2')
 4 APPPATH\Controllers\RuaController.php(17): CodeIgniter\BaseModel->find('2')
 5 APPPATH\Controllers\EnderecoController.php(33): App\Controllers\RuaController->toArray('2')
 6 APPPATH\Controllers\EmpresaController.php(26): App\Controllers\EnderecoController->toArray('2')
 7 APPPATH\Controllers\EmpresaController.php(52): App\Controllers\EmpresaController->toArray('1')
 8 SYSTEMPATH\CodeIgniter.php(933): App\Controllers\EmpresaController->index()
 9 SYSTEMPATH\CodeIgniter.php(507): CodeIgniter\CodeIgniter->runController(Object(App\Controllers\EmpresaController))
10 SYSTEMPATH\CodeIgniter.php(354): CodeIgniter\CodeIgniter->handleRequest(null, Object(Config\Cache), false)
11 SYSTEMPATH\Boot.php(334): CodeIgniter\CodeIgniter->run()
12 SYSTEMPATH\Boot.php(67): CodeIgniter\Boot::runCodeIgniter(Object(CodeIgniter\CodeIgniter))
13 FCPATH\index.php(59): CodeIgniter\Boot::bootWeb(Object(Config\Paths))
14 SYSTEMPATH\rewrite.php(44): require_once('C:\\Users\\3Visao\\Documents\\certeira\\certeira\\api\\public\\index.php')
CRITICAL - 2025-07-17 13:31:37 --> [Caused by] CodeIgniter\Database\Exceptions\DatabaseException: Unknown column 'Rua.dataDesativado' in 'where clause'
in SYSTEMPATH\Database\MySQLi\Connection.php on line 332.
 1 SYSTEMPATH\Database\BaseConnection.php(738): CodeIgniter\Database\MySQLi\Connection->execute('SELECT *
FROM `Rua`
WHERE `Rua`.`dataDesativado` IS NULL
AND `Rua`.`codigo` = \'2\'')
 2 SYSTEMPATH\Database\BaseConnection.php(652): CodeIgniter\Database\BaseConnection->simpleQuery('SELECT *
FROM `Rua`
WHERE `Rua`.`dataDesativado` IS NULL
AND `Rua`.`codigo` = \'2\'')
 3 SYSTEMPATH\Database\BaseBuilder.php(1649): CodeIgniter\Database\BaseConnection->query('SELECT *
FROM `Rua`
WHERE `Rua`.`dataDesativado` IS NULL
AND `Rua`.`codigo` = :Rua.codigo:', [...], false)
 4 SYSTEMPATH\Model.php(210): CodeIgniter\Database\BaseBuilder->get()
 5 SYSTEMPATH\BaseModel.php(613): CodeIgniter\Model->doFind(true, '2')
 6 APPPATH\Controllers\RuaController.php(17): CodeIgniter\BaseModel->find('2')
 7 APPPATH\Controllers\EnderecoController.php(33): App\Controllers\RuaController->toArray('2')
 8 APPPATH\Controllers\EmpresaController.php(26): App\Controllers\EnderecoController->toArray('2')
 9 APPPATH\Controllers\EmpresaController.php(52): App\Controllers\EmpresaController->toArray('1')
10 SYSTEMPATH\CodeIgniter.php(933): App\Controllers\EmpresaController->index()
11 SYSTEMPATH\CodeIgniter.php(507): CodeIgniter\CodeIgniter->runController(Object(App\Controllers\EmpresaController))
12 SYSTEMPATH\CodeIgniter.php(354): CodeIgniter\CodeIgniter->handleRequest(null, Object(Config\Cache), false)
13 SYSTEMPATH\Boot.php(334): CodeIgniter\CodeIgniter->run()
14 SYSTEMPATH\Boot.php(67): CodeIgniter\Boot::runCodeIgniter(Object(CodeIgniter\CodeIgniter))
15 FCPATH\index.php(59): CodeIgniter\Boot::bootWeb(Object(Config\Paths))
16 SYSTEMPATH\rewrite.php(44): require_once('C:\\Users\\3Visao\\Documents\\certeira\\certeira\\api\\public\\index.php')
CRITICAL - 2025-07-17 13:31:37 --> [Caused by] mysqli_sql_exception: Unknown column 'Rua.dataDesativado' in 'where clause'
in SYSTEMPATH\Database\MySQLi\Connection.php on line 327.
 1 SYSTEMPATH\Database\MySQLi\Connection.php(327): mysqli->query('SELECT *
FROM `Rua`
WHERE `Rua`.`dataDesativado` IS NULL
AND `Rua`.`codigo` = \'2\'', 0)
 2 SYSTEMPATH\Database\BaseConnection.php(738): CodeIgniter\Database\MySQLi\Connection->execute('SELECT *
FROM `Rua`
WHERE `Rua`.`dataDesativado` IS NULL
AND `Rua`.`codigo` = \'2\'')
 3 SYSTEMPATH\Database\BaseConnection.php(652): CodeIgniter\Database\BaseConnection->simpleQuery('SELECT *
FROM `Rua`
WHERE `Rua`.`dataDesativado` IS NULL
AND `Rua`.`codigo` = \'2\'')
 4 SYSTEMPATH\Database\BaseBuilder.php(1649): CodeIgniter\Database\BaseConnection->query('SELECT *
FROM `Rua`
WHERE `Rua`.`dataDesativado` IS NULL
AND `Rua`.`codigo` = :Rua.codigo:', [...], false)
 5 SYSTEMPATH\Model.php(210): CodeIgniter\Database\BaseBuilder->get()
 6 SYSTEMPATH\BaseModel.php(613): CodeIgniter\Model->doFind(true, '2')
 7 APPPATH\Controllers\RuaController.php(17): CodeIgniter\BaseModel->find('2')
 8 APPPATH\Controllers\EnderecoController.php(33): App\Controllers\RuaController->toArray('2')
 9 APPPATH\Controllers\EmpresaController.php(26): App\Controllers\EnderecoController->toArray('2')
10 APPPATH\Controllers\EmpresaController.php(52): App\Controllers\EmpresaController->toArray('1')
11 SYSTEMPATH\CodeIgniter.php(933): App\Controllers\EmpresaController->index()
12 SYSTEMPATH\CodeIgniter.php(507): CodeIgniter\CodeIgniter->runController(Object(App\Controllers\EmpresaController))
13 SYSTEMPATH\CodeIgniter.php(354): CodeIgniter\CodeIgniter->handleRequest(null, Object(Config\Cache), false)
14 SYSTEMPATH\Boot.php(334): CodeIgniter\CodeIgniter->run()
15 SYSTEMPATH\Boot.php(67): CodeIgniter\Boot::runCodeIgniter(Object(CodeIgniter\CodeIgniter))
16 FCPATH\index.php(59): CodeIgniter\Boot::bootWeb(Object(Config\Paths))
17 SYSTEMPATH\rewrite.php(44): require_once('C:\\Users\\3Visao\\Documents\\certeira\\certeira\\api\\public\\index.php')
ERROR - 2025-07-17 13:32:08 --> mysqli_sql_exception: Unknown column 'Rua.dataDesativado' in 'where clause' in C:\Users\3Visao\Documents\certeira\certeira\api\system\Database\MySQLi\Connection.php:327
Stack trace:
#0 C:\Users\3Visao\Documents\certeira\certeira\api\system\Database\MySQLi\Connection.php(327): mysqli->query('SELECT *\nFROM `...', 0)
#1 C:\Users\3Visao\Documents\certeira\certeira\api\system\Database\BaseConnection.php(738): CodeIgniter\Database\MySQLi\Connection->execute('SELECT *\nFROM `...')
#2 C:\Users\3Visao\Documents\certeira\certeira\api\system\Database\BaseConnection.php(652): CodeIgniter\Database\BaseConnection->simpleQuery('SELECT *\nFROM `...')
#3 C:\Users\3Visao\Documents\certeira\certeira\api\system\Database\BaseBuilder.php(1649): CodeIgniter\Database\BaseConnection->query('SELECT *\nFROM `...', Array, false)
#4 C:\Users\3Visao\Documents\certeira\certeira\api\system\Model.php(210): CodeIgniter\Database\BaseBuilder->get()
#5 C:\Users\3Visao\Documents\certeira\certeira\api\system\BaseModel.php(613): CodeIgniter\Model->doFind(true, '2')
#6 C:\Users\3Visao\Documents\certeira\certeira\api\app\Controllers\RuaController.php(17): CodeIgniter\BaseModel->find('2')
#7 C:\Users\3Visao\Documents\certeira\certeira\api\app\Controllers\EnderecoController.php(33): App\Controllers\RuaController->toArray('2')
#8 C:\Users\3Visao\Documents\certeira\certeira\api\app\Controllers\EmpresaController.php(26): App\Controllers\EnderecoController->toArray('2')
#9 C:\Users\3Visao\Documents\certeira\certeira\api\app\Controllers\EmpresaController.php(52): App\Controllers\EmpresaController->toArray('1')
#10 C:\Users\3Visao\Documents\certeira\certeira\api\system\CodeIgniter.php(933): App\Controllers\EmpresaController->index()
#11 C:\Users\3Visao\Documents\certeira\certeira\api\system\CodeIgniter.php(507): CodeIgniter\CodeIgniter->runController(Object(App\Controllers\EmpresaController))
#12 C:\Users\3Visao\Documents\certeira\certeira\api\system\CodeIgniter.php(354): CodeIgniter\CodeIgniter->handleRequest(NULL, Object(Config\Cache), false)
#13 C:\Users\3Visao\Documents\certeira\certeira\api\system\Boot.php(334): CodeIgniter\CodeIgniter->run()
#14 C:\Users\3Visao\Documents\certeira\certeira\api\system\Boot.php(67): CodeIgniter\Boot::runCodeIgniter(Object(CodeIgniter\CodeIgniter))
#15 C:\Users\3Visao\Documents\certeira\certeira\api\public\index.php(59): CodeIgniter\Boot::bootWeb(Object(Config\Paths))
#16 C:\Users\3Visao\Documents\certeira\certeira\api\system\rewrite.php(44): require_once('C:\\Users\\3Visao...')
#17 {main}
CRITICAL - 2025-07-17 13:32:08 --> CodeIgniter\Database\Exceptions\DatabaseException: Unknown column 'Rua.dataDesativado' in 'where clause'
[Method: GET, Route: empresas]
in SYSTEMPATH\Database\BaseConnection.php on line 692.
 1 SYSTEMPATH\Database\BaseBuilder.php(1649): CodeIgniter\Database\BaseConnection->query('SELECT *
FROM `Rua`
WHERE `Rua`.`dataDesativado` IS NULL
AND `Rua`.`codigo` = :Rua.codigo:', [...], false)
 2 SYSTEMPATH\Model.php(210): CodeIgniter\Database\BaseBuilder->get()
 3 SYSTEMPATH\BaseModel.php(613): CodeIgniter\Model->doFind(true, '2')
 4 APPPATH\Controllers\RuaController.php(17): CodeIgniter\BaseModel->find('2')
 5 APPPATH\Controllers\EnderecoController.php(33): App\Controllers\RuaController->toArray('2')
 6 APPPATH\Controllers\EmpresaController.php(26): App\Controllers\EnderecoController->toArray('2')
 7 APPPATH\Controllers\EmpresaController.php(52): App\Controllers\EmpresaController->toArray('1')
 8 SYSTEMPATH\CodeIgniter.php(933): App\Controllers\EmpresaController->index()
 9 SYSTEMPATH\CodeIgniter.php(507): CodeIgniter\CodeIgniter->runController(Object(App\Controllers\EmpresaController))
10 SYSTEMPATH\CodeIgniter.php(354): CodeIgniter\CodeIgniter->handleRequest(null, Object(Config\Cache), false)
11 SYSTEMPATH\Boot.php(334): CodeIgniter\CodeIgniter->run()
12 SYSTEMPATH\Boot.php(67): CodeIgniter\Boot::runCodeIgniter(Object(CodeIgniter\CodeIgniter))
13 FCPATH\index.php(59): CodeIgniter\Boot::bootWeb(Object(Config\Paths))
14 SYSTEMPATH\rewrite.php(44): require_once('C:\\Users\\3Visao\\Documents\\certeira\\certeira\\api\\public\\index.php')
CRITICAL - 2025-07-17 13:32:08 --> [Caused by] CodeIgniter\Database\Exceptions\DatabaseException: Unknown column 'Rua.dataDesativado' in 'where clause'
in SYSTEMPATH\Database\MySQLi\Connection.php on line 332.
 1 SYSTEMPATH\Database\BaseConnection.php(738): CodeIgniter\Database\MySQLi\Connection->execute('SELECT *
FROM `Rua`
WHERE `Rua`.`dataDesativado` IS NULL
AND `Rua`.`codigo` = \'2\'')
 2 SYSTEMPATH\Database\BaseConnection.php(652): CodeIgniter\Database\BaseConnection->simpleQuery('SELECT *
FROM `Rua`
WHERE `Rua`.`dataDesativado` IS NULL
AND `Rua`.`codigo` = \'2\'')
 3 SYSTEMPATH\Database\BaseBuilder.php(1649): CodeIgniter\Database\BaseConnection->query('SELECT *
FROM `Rua`
WHERE `Rua`.`dataDesativado` IS NULL
AND `Rua`.`codigo` = :Rua.codigo:', [...], false)
 4 SYSTEMPATH\Model.php(210): CodeIgniter\Database\BaseBuilder->get()
 5 SYSTEMPATH\BaseModel.php(613): CodeIgniter\Model->doFind(true, '2')
 6 APPPATH\Controllers\RuaController.php(17): CodeIgniter\BaseModel->find('2')
 7 APPPATH\Controllers\EnderecoController.php(33): App\Controllers\RuaController->toArray('2')
 8 APPPATH\Controllers\EmpresaController.php(26): App\Controllers\EnderecoController->toArray('2')
 9 APPPATH\Controllers\EmpresaController.php(52): App\Controllers\EmpresaController->toArray('1')
10 SYSTEMPATH\CodeIgniter.php(933): App\Controllers\EmpresaController->index()
11 SYSTEMPATH\CodeIgniter.php(507): CodeIgniter\CodeIgniter->runController(Object(App\Controllers\EmpresaController))
12 SYSTEMPATH\CodeIgniter.php(354): CodeIgniter\CodeIgniter->handleRequest(null, Object(Config\Cache), false)
13 SYSTEMPATH\Boot.php(334): CodeIgniter\CodeIgniter->run()
14 SYSTEMPATH\Boot.php(67): CodeIgniter\Boot::runCodeIgniter(Object(CodeIgniter\CodeIgniter))
15 FCPATH\index.php(59): CodeIgniter\Boot::bootWeb(Object(Config\Paths))
16 SYSTEMPATH\rewrite.php(44): require_once('C:\\Users\\3Visao\\Documents\\certeira\\certeira\\api\\public\\index.php')
CRITICAL - 2025-07-17 13:32:08 --> [Caused by] mysqli_sql_exception: Unknown column 'Rua.dataDesativado' in 'where clause'
in SYSTEMPATH\Database\MySQLi\Connection.php on line 327.
 1 SYSTEMPATH\Database\MySQLi\Connection.php(327): mysqli->query('SELECT *
FROM `Rua`
WHERE `Rua`.`dataDesativado` IS NULL
AND `Rua`.`codigo` = \'2\'', 0)
 2 SYSTEMPATH\Database\BaseConnection.php(738): CodeIgniter\Database\MySQLi\Connection->execute('SELECT *
FROM `Rua`
WHERE `Rua`.`dataDesativado` IS NULL
AND `Rua`.`codigo` = \'2\'')
 3 SYSTEMPATH\Database\BaseConnection.php(652): CodeIgniter\Database\BaseConnection->simpleQuery('SELECT *
FROM `Rua`
WHERE `Rua`.`dataDesativado` IS NULL
AND `Rua`.`codigo` = \'2\'')
 4 SYSTEMPATH\Database\BaseBuilder.php(1649): CodeIgniter\Database\BaseConnection->query('SELECT *
FROM `Rua`
WHERE `Rua`.`dataDesativado` IS NULL
AND `Rua`.`codigo` = :Rua.codigo:', [...], false)
 5 SYSTEMPATH\Model.php(210): CodeIgniter\Database\BaseBuilder->get()
 6 SYSTEMPATH\BaseModel.php(613): CodeIgniter\Model->doFind(true, '2')
 7 APPPATH\Controllers\RuaController.php(17): CodeIgniter\BaseModel->find('2')
 8 APPPATH\Controllers\EnderecoController.php(33): App\Controllers\RuaController->toArray('2')
 9 APPPATH\Controllers\EmpresaController.php(26): App\Controllers\EnderecoController->toArray('2')
10 APPPATH\Controllers\EmpresaController.php(52): App\Controllers\EmpresaController->toArray('1')
11 SYSTEMPATH\CodeIgniter.php(933): App\Controllers\EmpresaController->index()
12 SYSTEMPATH\CodeIgniter.php(507): CodeIgniter\CodeIgniter->runController(Object(App\Controllers\EmpresaController))
13 SYSTEMPATH\CodeIgniter.php(354): CodeIgniter\CodeIgniter->handleRequest(null, Object(Config\Cache), false)
14 SYSTEMPATH\Boot.php(334): CodeIgniter\CodeIgniter->run()
15 SYSTEMPATH\Boot.php(67): CodeIgniter\Boot::runCodeIgniter(Object(CodeIgniter\CodeIgniter))
16 FCPATH\index.php(59): CodeIgniter\Boot::bootWeb(Object(Config\Paths))
17 SYSTEMPATH\rewrite.php(44): require_once('C:\\Users\\3Visao\\Documents\\certeira\\certeira\\api\\public\\index.php')
ERROR - 2025-07-17 16:35:48 --> mysqli_sql_exception: Unknown column 'Rua.dataDesativado' in 'where clause' in C:\Users\3Visao\Documents\certeira\certeira\api\system\Database\MySQLi\Connection.php:327
Stack trace:
#0 C:\Users\3Visao\Documents\certeira\certeira\api\system\Database\MySQLi\Connection.php(327): mysqli->query('SELECT *\nFROM `...', 0)
#1 C:\Users\3Visao\Documents\certeira\certeira\api\system\Database\BaseConnection.php(738): CodeIgniter\Database\MySQLi\Connection->execute('SELECT *\nFROM `...')
#2 C:\Users\3Visao\Documents\certeira\certeira\api\system\Database\BaseConnection.php(652): CodeIgniter\Database\BaseConnection->simpleQuery('SELECT *\nFROM `...')
#3 C:\Users\3Visao\Documents\certeira\certeira\api\system\Database\BaseBuilder.php(1649): CodeIgniter\Database\BaseConnection->query('SELECT *\nFROM `...', Array, false)
#4 C:\Users\3Visao\Documents\certeira\certeira\api\system\Model.php(286): CodeIgniter\Database\BaseBuilder->get()
#5 C:\Users\3Visao\Documents\certeira\certeira\api\system\BaseModel.php(679): CodeIgniter\Model->doFindAll(0, 0)
#6 C:\Users\3Visao\Documents\certeira\certeira\api\app\Controllers\RuaController.php(33): CodeIgniter\BaseModel->findAll()
#7 C:\Users\3Visao\Documents\certeira\certeira\api\system\CodeIgniter.php(933): App\Controllers\RuaController->index()
#8 C:\Users\3Visao\Documents\certeira\certeira\api\system\CodeIgniter.php(507): CodeIgniter\CodeIgniter->runController(Object(App\Controllers\RuaController))
#9 C:\Users\3Visao\Documents\certeira\certeira\api\system\CodeIgniter.php(354): CodeIgniter\CodeIgniter->handleRequest(NULL, Object(Config\Cache), false)
#10 C:\Users\3Visao\Documents\certeira\certeira\api\system\Boot.php(334): CodeIgniter\CodeIgniter->run()
#11 C:\Users\3Visao\Documents\certeira\certeira\api\system\Boot.php(67): CodeIgniter\Boot::runCodeIgniter(Object(CodeIgniter\CodeIgniter))
#12 C:\Users\3Visao\Documents\certeira\certeira\api\public\index.php(59): CodeIgniter\Boot::bootWeb(Object(Config\Paths))
#13 C:\Users\3Visao\Documents\certeira\certeira\api\system\rewrite.php(44): require_once('C:\\Users\\3Visao...')
#14 {main}
CRITICAL - 2025-07-17 16:35:48 --> CodeIgniter\Database\Exceptions\DatabaseException: Unknown column 'Rua.dataDesativado' in 'where clause'
[Method: GET, Route: ruas]
in SYSTEMPATH\Database\BaseConnection.php on line 692.
 1 SYSTEMPATH\Database\BaseBuilder.php(1649): CodeIgniter\Database\BaseConnection->query('SELECT *
FROM `Rua`
WHERE `Rua`.`dataDesativado` IS NULL', [], false)
 2 SYSTEMPATH\Model.php(286): CodeIgniter\Database\BaseBuilder->get()
 3 SYSTEMPATH\BaseModel.php(679): CodeIgniter\Model->doFindAll(0, 0)
 4 APPPATH\Controllers\RuaController.php(33): CodeIgniter\BaseModel->findAll()
 5 SYSTEMPATH\CodeIgniter.php(933): App\Controllers\RuaController->index()
 6 SYSTEMPATH\CodeIgniter.php(507): CodeIgniter\CodeIgniter->runController(Object(App\Controllers\RuaController))
 7 SYSTEMPATH\CodeIgniter.php(354): CodeIgniter\CodeIgniter->handleRequest(null, Object(Config\Cache), false)
 8 SYSTEMPATH\Boot.php(334): CodeIgniter\CodeIgniter->run()
 9 SYSTEMPATH\Boot.php(67): CodeIgniter\Boot::runCodeIgniter(Object(CodeIgniter\CodeIgniter))
10 FCPATH\index.php(59): CodeIgniter\Boot::bootWeb(Object(Config\Paths))
11 SYSTEMPATH\rewrite.php(44): require_once('C:\\Users\\3Visao\\Documents\\certeira\\certeira\\api\\public\\index.php')
CRITICAL - 2025-07-17 16:35:48 --> [Caused by] CodeIgniter\Database\Exceptions\DatabaseException: Unknown column 'Rua.dataDesativado' in 'where clause'
in SYSTEMPATH\Database\MySQLi\Connection.php on line 332.
 1 SYSTEMPATH\Database\BaseConnection.php(738): CodeIgniter\Database\MySQLi\Connection->execute('SELECT *
FROM `Rua`
WHERE `Rua`.`dataDesativado` IS NULL')
 2 SYSTEMPATH\Database\BaseConnection.php(652): CodeIgniter\Database\BaseConnection->simpleQuery('SELECT *
FROM `Rua`
WHERE `Rua`.`dataDesativado` IS NULL')
 3 SYSTEMPATH\Database\BaseBuilder.php(1649): CodeIgniter\Database\BaseConnection->query('SELECT *
FROM `Rua`
WHERE `Rua`.`dataDesativado` IS NULL', [], false)
 4 SYSTEMPATH\Model.php(286): CodeIgniter\Database\BaseBuilder->get()
 5 SYSTEMPATH\BaseModel.php(679): CodeIgniter\Model->doFindAll(0, 0)
 6 APPPATH\Controllers\RuaController.php(33): CodeIgniter\BaseModel->findAll()
 7 SYSTEMPATH\CodeIgniter.php(933): App\Controllers\RuaController->index()
 8 SYSTEMPATH\CodeIgniter.php(507): CodeIgniter\CodeIgniter->runController(Object(App\Controllers\RuaController))
 9 SYSTEMPATH\CodeIgniter.php(354): CodeIgniter\CodeIgniter->handleRequest(null, Object(Config\Cache), false)
10 SYSTEMPATH\Boot.php(334): CodeIgniter\CodeIgniter->run()
11 SYSTEMPATH\Boot.php(67): CodeIgniter\Boot::runCodeIgniter(Object(CodeIgniter\CodeIgniter))
12 FCPATH\index.php(59): CodeIgniter\Boot::bootWeb(Object(Config\Paths))
13 SYSTEMPATH\rewrite.php(44): require_once('C:\\Users\\3Visao\\Documents\\certeira\\certeira\\api\\public\\index.php')
CRITICAL - 2025-07-17 16:35:48 --> [Caused by] mysqli_sql_exception: Unknown column 'Rua.dataDesativado' in 'where clause'
in SYSTEMPATH\Database\MySQLi\Connection.php on line 327.
 1 SYSTEMPATH\Database\MySQLi\Connection.php(327): mysqli->query('SELECT *
FROM `Rua`
WHERE `Rua`.`dataDesativado` IS NULL', 0)
 2 SYSTEMPATH\Database\BaseConnection.php(738): CodeIgniter\Database\MySQLi\Connection->execute('SELECT *
FROM `Rua`
WHERE `Rua`.`dataDesativado` IS NULL')
 3 SYSTEMPATH\Database\BaseConnection.php(652): CodeIgniter\Database\BaseConnection->simpleQuery('SELECT *
FROM `Rua`
WHERE `Rua`.`dataDesativado` IS NULL')
 4 SYSTEMPATH\Database\BaseBuilder.php(1649): CodeIgniter\Database\BaseConnection->query('SELECT *
FROM `Rua`
WHERE `Rua`.`dataDesativado` IS NULL', [], false)
 5 SYSTEMPATH\Model.php(286): CodeIgniter\Database\BaseBuilder->get()
 6 SYSTEMPATH\BaseModel.php(679): CodeIgniter\Model->doFindAll(0, 0)
 7 APPPATH\Controllers\RuaController.php(33): CodeIgniter\BaseModel->findAll()
 8 SYSTEMPATH\CodeIgniter.php(933): App\Controllers\RuaController->index()
 9 SYSTEMPATH\CodeIgniter.php(507): CodeIgniter\CodeIgniter->runController(Object(App\Controllers\RuaController))
10 SYSTEMPATH\CodeIgniter.php(354): CodeIgniter\CodeIgniter->handleRequest(null, Object(Config\Cache), false)
11 SYSTEMPATH\Boot.php(334): CodeIgniter\CodeIgniter->run()
12 SYSTEMPATH\Boot.php(67): CodeIgniter\Boot::runCodeIgniter(Object(CodeIgniter\CodeIgniter))
13 FCPATH\index.php(59): CodeIgniter\Boot::bootWeb(Object(Config\Paths))
14 SYSTEMPATH\rewrite.php(44): require_once('C:\\Users\\3Visao\\Documents\\certeira\\certeira\\api\\public\\index.php')
ERROR - 2025-07-17 16:36:47 --> mysqli_sql_exception: Unknown column 'Rua.dataDesativado' in 'where clause' in C:\Users\3Visao\Documents\certeira\certeira\api\system\Database\MySQLi\Connection.php:327
Stack trace:
#0 C:\Users\3Visao\Documents\certeira\certeira\api\system\Database\MySQLi\Connection.php(327): mysqli->query('SELECT *\nFROM `...', 0)
#1 C:\Users\3Visao\Documents\certeira\certeira\api\system\Database\BaseConnection.php(738): CodeIgniter\Database\MySQLi\Connection->execute('SELECT *\nFROM `...')
#2 C:\Users\3Visao\Documents\certeira\certeira\api\system\Database\BaseConnection.php(652): CodeIgniter\Database\BaseConnection->simpleQuery('SELECT *\nFROM `...')
#3 C:\Users\3Visao\Documents\certeira\certeira\api\system\Database\BaseBuilder.php(1649): CodeIgniter\Database\BaseConnection->query('SELECT *\nFROM `...', Array, false)
#4 C:\Users\3Visao\Documents\certeira\certeira\api\system\Model.php(286): CodeIgniter\Database\BaseBuilder->get()
#5 C:\Users\3Visao\Documents\certeira\certeira\api\system\BaseModel.php(679): CodeIgniter\Model->doFindAll(0, 0)
#6 C:\Users\3Visao\Documents\certeira\certeira\api\app\Controllers\RuaController.php(33): CodeIgniter\BaseModel->findAll()
#7 C:\Users\3Visao\Documents\certeira\certeira\api\system\CodeIgniter.php(933): App\Controllers\RuaController->index()
#8 C:\Users\3Visao\Documents\certeira\certeira\api\system\CodeIgniter.php(507): CodeIgniter\CodeIgniter->runController(Object(App\Controllers\RuaController))
#9 C:\Users\3Visao\Documents\certeira\certeira\api\system\CodeIgniter.php(354): CodeIgniter\CodeIgniter->handleRequest(NULL, Object(Config\Cache), false)
#10 C:\Users\3Visao\Documents\certeira\certeira\api\system\Boot.php(334): CodeIgniter\CodeIgniter->run()
#11 C:\Users\3Visao\Documents\certeira\certeira\api\system\Boot.php(67): CodeIgniter\Boot::runCodeIgniter(Object(CodeIgniter\CodeIgniter))
#12 C:\Users\3Visao\Documents\certeira\certeira\api\public\index.php(59): CodeIgniter\Boot::bootWeb(Object(Config\Paths))
#13 C:\Users\3Visao\Documents\certeira\certeira\api\system\rewrite.php(44): require_once('C:\\Users\\3Visao...')
#14 {main}
CRITICAL - 2025-07-17 16:36:47 --> CodeIgniter\Database\Exceptions\DatabaseException: Unknown column 'Rua.dataDesativado' in 'where clause'
[Method: GET, Route: ruas]
in SYSTEMPATH\Database\BaseConnection.php on line 692.
 1 SYSTEMPATH\Database\BaseBuilder.php(1649): CodeIgniter\Database\BaseConnection->query('SELECT *
FROM `Rua`
WHERE `Rua`.`dataDesativado` IS NULL', [], false)
 2 SYSTEMPATH\Model.php(286): CodeIgniter\Database\BaseBuilder->get()
 3 SYSTEMPATH\BaseModel.php(679): CodeIgniter\Model->doFindAll(0, 0)
 4 APPPATH\Controllers\RuaController.php(33): CodeIgniter\BaseModel->findAll()
 5 SYSTEMPATH\CodeIgniter.php(933): App\Controllers\RuaController->index()
 6 SYSTEMPATH\CodeIgniter.php(507): CodeIgniter\CodeIgniter->runController(Object(App\Controllers\RuaController))
 7 SYSTEMPATH\CodeIgniter.php(354): CodeIgniter\CodeIgniter->handleRequest(null, Object(Config\Cache), false)
 8 SYSTEMPATH\Boot.php(334): CodeIgniter\CodeIgniter->run()
 9 SYSTEMPATH\Boot.php(67): CodeIgniter\Boot::runCodeIgniter(Object(CodeIgniter\CodeIgniter))
10 FCPATH\index.php(59): CodeIgniter\Boot::bootWeb(Object(Config\Paths))
11 SYSTEMPATH\rewrite.php(44): require_once('C:\\Users\\3Visao\\Documents\\certeira\\certeira\\api\\public\\index.php')
CRITICAL - 2025-07-17 16:36:47 --> [Caused by] CodeIgniter\Database\Exceptions\DatabaseException: Unknown column 'Rua.dataDesativado' in 'where clause'
in SYSTEMPATH\Database\MySQLi\Connection.php on line 332.
 1 SYSTEMPATH\Database\BaseConnection.php(738): CodeIgniter\Database\MySQLi\Connection->execute('SELECT *
FROM `Rua`
WHERE `Rua`.`dataDesativado` IS NULL')
 2 SYSTEMPATH\Database\BaseConnection.php(652): CodeIgniter\Database\BaseConnection->simpleQuery('SELECT *
FROM `Rua`
WHERE `Rua`.`dataDesativado` IS NULL')
 3 SYSTEMPATH\Database\BaseBuilder.php(1649): CodeIgniter\Database\BaseConnection->query('SELECT *
FROM `Rua`
WHERE `Rua`.`dataDesativado` IS NULL', [], false)
 4 SYSTEMPATH\Model.php(286): CodeIgniter\Database\BaseBuilder->get()
 5 SYSTEMPATH\BaseModel.php(679): CodeIgniter\Model->doFindAll(0, 0)
 6 APPPATH\Controllers\RuaController.php(33): CodeIgniter\BaseModel->findAll()
 7 SYSTEMPATH\CodeIgniter.php(933): App\Controllers\RuaController->index()
 8 SYSTEMPATH\CodeIgniter.php(507): CodeIgniter\CodeIgniter->runController(Object(App\Controllers\RuaController))
 9 SYSTEMPATH\CodeIgniter.php(354): CodeIgniter\CodeIgniter->handleRequest(null, Object(Config\Cache), false)
10 SYSTEMPATH\Boot.php(334): CodeIgniter\CodeIgniter->run()
11 SYSTEMPATH\Boot.php(67): CodeIgniter\Boot::runCodeIgniter(Object(CodeIgniter\CodeIgniter))
12 FCPATH\index.php(59): CodeIgniter\Boot::bootWeb(Object(Config\Paths))
13 SYSTEMPATH\rewrite.php(44): require_once('C:\\Users\\3Visao\\Documents\\certeira\\certeira\\api\\public\\index.php')
CRITICAL - 2025-07-17 16:36:47 --> [Caused by] mysqli_sql_exception: Unknown column 'Rua.dataDesativado' in 'where clause'
in SYSTEMPATH\Database\MySQLi\Connection.php on line 327.
 1 SYSTEMPATH\Database\MySQLi\Connection.php(327): mysqli->query('SELECT *
FROM `Rua`
WHERE `Rua`.`dataDesativado` IS NULL', 0)
 2 SYSTEMPATH\Database\BaseConnection.php(738): CodeIgniter\Database\MySQLi\Connection->execute('SELECT *
FROM `Rua`
WHERE `Rua`.`dataDesativado` IS NULL')
 3 SYSTEMPATH\Database\BaseConnection.php(652): CodeIgniter\Database\BaseConnection->simpleQuery('SELECT *
FROM `Rua`
WHERE `Rua`.`dataDesativado` IS NULL')
 4 SYSTEMPATH\Database\BaseBuilder.php(1649): CodeIgniter\Database\BaseConnection->query('SELECT *
FROM `Rua`
WHERE `Rua`.`dataDesativado` IS NULL', [], false)
 5 SYSTEMPATH\Model.php(286): CodeIgniter\Database\BaseBuilder->get()
 6 SYSTEMPATH\BaseModel.php(679): CodeIgniter\Model->doFindAll(0, 0)
 7 APPPATH\Controllers\RuaController.php(33): CodeIgniter\BaseModel->findAll()
 8 SYSTEMPATH\CodeIgniter.php(933): App\Controllers\RuaController->index()
 9 SYSTEMPATH\CodeIgniter.php(507): CodeIgniter\CodeIgniter->runController(Object(App\Controllers\RuaController))
10 SYSTEMPATH\CodeIgniter.php(354): CodeIgniter\CodeIgniter->handleRequest(null, Object(Config\Cache), false)
11 SYSTEMPATH\Boot.php(334): CodeIgniter\CodeIgniter->run()
12 SYSTEMPATH\Boot.php(67): CodeIgniter\Boot::runCodeIgniter(Object(CodeIgniter\CodeIgniter))
13 FCPATH\index.php(59): CodeIgniter\Boot::bootWeb(Object(Config\Paths))
14 SYSTEMPATH\rewrite.php(44): require_once('C:\\Users\\3Visao\\Documents\\certeira\\certeira\\api\\public\\index.php')
